Using pre-set license
Built from '2020.3/staging' branch; Version is '2020.3.33f1 (915a7af8b0d5) revision 9525882'; Using compiler version '192528614'; Build Type 'Release'
OS: 'Windows 10  (10.0.19044) 64bit Professional' Language: 'en' Physical Memory: 7916 MB
BatchMode: 1, IsHumanControllingUs: 0, StartBugReporterOnCrash: 0, Is64bit: 1, IsPro: 0

COMMAND LINE ARGUMENTS:
C:\Program Files\Unity 2020.3.33f1\Editor\Unity.exe
-adb2
-batchMode
-noUpm
-name
AssetImportWorker0
-projectPath
D:/unityProjects/Argon Assault
-logFile
Logs/AssetImportWorker0.log
-srvPort
53161
Successfully changed project path to: D:/unityProjects/Argon Assault
D:/unityProjects/Argon Assault
Using Asset Import Pipeline V2.
Refreshing native plugins compatible for Editor in 94.81 ms, found 2 plugins.
Preloading 0 native plugins for Editor in 0.00 ms.
Initialize engine version: 2020.3.33f1 (915a7af8b0d5)
[Subsystems] Discovering subsystems at path C:/Program Files/Unity 2020.3.33f1/Editor/Data/Resources/UnitySubsystems
[Subsystems] Discovering subsystems at path D:/unityProjects/Argon Assault/Assets
GfxDevice: creating device client; threaded=0
Direct3D:
    Version:  Direct3D 11.0 [level 11.1]
    Renderer: AMD Radeon HD 8600M Series (ID=0x6660)
    Vendor:   
    VRAM:     1015 MB
    Driver:   27.20.1034.6
Initialize mono
Mono path[0] = 'C:/Program Files/Unity 2020.3.33f1/Editor/Data/Managed'
Mono path[1] = 'C:/Program Files/Unity 2020.3.33f1/Editor/Data/MonoBleedingEdge/lib/mono/unityjit'
Mono config path = 'C:/Program Files/Unity 2020.3.33f1/Editor/Data/MonoBleedingEdge/etc'
Using monoOptions --debugger-agent=transport=dt_socket,embedding=1,server=y,suspend=n,address=127.0.0.1:56224
Begin MonoManager ReloadAssembly
Registering precompiled unity dll's ...
Register platform support module: C:/Program Files/Unity 2020.3.33f1/Editor/Data/PlaybackEngines/WindowsStandaloneSupport/UnityEditor.WindowsStandalone.Extensions.dll
Registered in 0.003165 seconds.
Native extension for WindowsStandalone target not found
Refreshing native plugins compatible for Editor in 52.36 ms, found 2 plugins.
Preloading 0 native plugins for Editor in 0.00 ms.
Mono: successfully reloaded assembly
- Completed reload, in  1.057 seconds
Domain Reload Profiling:
	ReloadAssembly (1057ms)
		BeginReloadAssembly (132ms)
			ExecutionOrderSort (0ms)
			DisableScriptedObjects (0ms)
			BackupInstance (0ms)
			ReleaseScriptingObjects (0ms)
			CreateAndSetChildDomain (1ms)
		EndReloadAssembly (792ms)
			LoadAssemblies (128ms)
			RebuildTransferFunctionScriptingTraits (0ms)
			SetupTypeCache (276ms)
			ReleaseScriptCaches (0ms)
			RebuildScriptCaches (57ms)
			SetupLoadedEditorAssemblies (273ms)
				LogAssemblyErrors (0ms)
				InitializePlatformSupportModulesInManaged (7ms)
				SetLoadedEditorAssemblies (0ms)
				RefreshPlugins (52ms)
				BeforeProcessingInitializeOnLoad (22ms)
				ProcessInitializeOnLoadAttributes (141ms)
				ProcessInitializeOnLoadMethodAttributes (50ms)
				AfterProcessingInitializeOnLoad (0ms)
				EditorAssembliesLoaded (0ms)
			ExecutionOrderSort2 (0ms)
			AwakeInstancesAfterBackupRestoration (0ms)
Platform modules already initialized, skipping
Registering precompiled user dll's ...
Registered in 0.003253 seconds.
Begin MonoManager ReloadAssembly
Symbol file LoadedFromMemory doesn't match image D:\unityProjects\Argon Assault\Library\PackageCache\com.unity.collab-proxy@1.15.15\Lib\Editor\PlasticSCM\unityplastic.dll
Native extension for WindowsStandalone target not found
Refreshing native plugins compatible for Editor in 0.79 ms, found 2 plugins.
Preloading 0 native plugins for Editor in 0.00 ms.
Mono: successfully reloaded assembly
- Completed reload, in  3.164 seconds
Domain Reload Profiling:
	ReloadAssembly (3166ms)
		BeginReloadAssembly (332ms)
			ExecutionOrderSort (0ms)
			DisableScriptedObjects (19ms)
			BackupInstance (0ms)
			ReleaseScriptingObjects (0ms)
			CreateAndSetChildDomain (35ms)
		EndReloadAssembly (2724ms)
			LoadAssemblies (168ms)
			RebuildTransferFunctionScriptingTraits (0ms)
			SetupTypeCache (537ms)
			ReleaseScriptCaches (1ms)
			RebuildScriptCaches (198ms)
			SetupLoadedEditorAssemblies (1377ms)
				LogAssemblyErrors (0ms)
				InitializePlatformSupportModulesInManaged (20ms)
				SetLoadedEditorAssemblies (1ms)
				RefreshPlugins (1ms)
				BeforeProcessingInitializeOnLoad (279ms)
				ProcessInitializeOnLoadAttributes (950ms)
				ProcessInitializeOnLoadMethodAttributes (79ms)
				AfterProcessingInitializeOnLoad (45ms)
				EditorAssembliesLoaded (1ms)
			ExecutionOrderSort2 (0ms)
			AwakeInstancesAfterBackupRestoration (30ms)
Platform modules already initialized, skipping
========================================================================
Worker process is ready to serve import requests
Launched and connected shader compiler UnityShaderCompiler.exe after 0.15 seconds
Refreshing native plugins compatible for Editor in 0.98 ms, found 2 plugins.
Preloading 0 native plugins for Editor in 0.00 ms.
Unloading 1508 Unused Serialized files (Serialized files now loaded: 0)
System memory in use before: 80.8 MB.
System memory in use after: 80.9 MB.

Unloading 16 unused Assets to reduce memory usage. Loaded Objects now: 1958.
Total: 9.737000 ms (FindLiveObjects: 0.401000 ms CreateObjectMapping: 0.360200 ms MarkObjects: 8.817300 ms  DeleteObjects: 0.156800 ms)

AssetImportParameters requested are different than current active one (requested -> active):
  custom:framework-win-MediaFoundation: 216162199b28c13a410421893ffa2e32 -> 
  custom:video-decoder-ogg-theora: a1e56fd34408186e4bbccfd4996cb3dc -> 
  custom:container-muxer-webm: aa71ff27fc2769a1b78a27578f13a17b -> 
  custom:container-demuxer-webm: 4f35f7cbe854078d1ac9338744f61a02 -> 
  custom:container-demuxer-ogg: 62fdf1f143b41e24485cea50d1cbac27 -> 
  custom:video-encoder-webm-vp8: eb34c28f22e8b96e1ab97ce403110664 -> 
  custom:video-decoder-webm-vp8: 9c59270c3fd7afecdb556c50c9e8de78 -> 
  custom:audio-decoder-ogg-vorbis: bf7c407c2cedff20999df2af8eb42d56 -> 
  custom:audio-encoder-webm-vorbis: bf7c407c2cedff20999df2af8eb42d56 -> 
========================================================================
Received Import Request.
  path: Assets/New Terrain.asset
  artifactKey: Guid(2b08abae8be3ede4986309ea9dab7dec) Importer(815301076,1909f56bfc062723c751e8b465ee728b)
Start importing Assets/New Terrain.asset using Guid(2b08abae8be3ede4986309ea9dab7dec) Importer(815301076,1909f56bfc062723c751e8b465ee728b)  -> (artifact id: '0c37178c267d948881fbbf36d06fb1e2') in 0.134624 seconds 
========================================================================
Received Prepare
Registering precompiled user dll's ...
Registered in 0.006189 seconds.
Begin MonoManager ReloadAssembly
Symbol file LoadedFromMemory doesn't match image D:\unityProjects\Argon Assault\Library\PackageCache\com.unity.collab-proxy@1.15.15\Lib\Editor\PlasticSCM\unityplastic.dll
Native extension for WindowsStandalone target not found
Refreshing native plugins compatible for Editor in 338.08 ms, found 2 plugins.
Preloading 0 native plugins for Editor in 0.00 ms.
Mono: successfully reloaded assembly
- Completed reload, in  7.070 seconds
Domain Reload Profiling:
	ReloadAssembly (7071ms)
		BeginReloadAssembly (564ms)
			ExecutionOrderSort (0ms)
			DisableScriptedObjects (20ms)
			BackupInstance (0ms)
			ReleaseScriptingObjects (0ms)
			CreateAndSetChildDomain (130ms)
		EndReloadAssembly (6215ms)
			LoadAssemblies (571ms)
			RebuildTransferFunctionScriptingTraits (1ms)
			SetupTypeCache (1639ms)
			ReleaseScriptCaches (19ms)
			RebuildScriptCaches (981ms)
			SetupLoadedEditorAssemblies (1314ms)
				LogAssemblyErrors (0ms)
				InitializePlatformSupportModulesInManaged (45ms)
				SetLoadedEditorAssemblies (0ms)
				RefreshPlugins (338ms)
				BeforeProcessingInitializeOnLoad (110ms)
				ProcessInitializeOnLoadAttributes (793ms)
				ProcessInitializeOnLoadMethodAttributes (15ms)
				AfterProcessingInitializeOnLoad (12ms)
				EditorAssembliesLoaded (0ms)
			ExecutionOrderSort2 (0ms)
			AwakeInstancesAfterBackupRestoration (10ms)
Platform modules already initialized, skipping
Refreshing native plugins compatible for Editor in 0.55 ms, found 2 plugins.
Preloading 0 native plugins for Editor in 0.00 ms.
Unloading 1692 Unused Serialized files (Serialized files now loaded: 0)
System memory in use before: 93.9 MB.
System memory in use after: 90.4 MB.

Unloading 51 unused Assets to reduce memory usage. Loaded Objects now: 2121.
Total: 7.332000 ms (FindLiveObjects: 0.294400 ms CreateObjectMapping: 0.129400 ms MarkObjects: 4.838800 ms  DeleteObjects: 2.067000 ms)

AssetImportParameters requested are different than current active one (requested -> active):
  custom:framework-win-MediaFoundation: 216162199b28c13a410421893ffa2e32 -> 
  custom:video-decoder-ogg-theora: a1e56fd34408186e4bbccfd4996cb3dc -> 
  custom:container-muxer-webm: aa71ff27fc2769a1b78a27578f13a17b -> 
  custom:container-demuxer-webm: 4f35f7cbe854078d1ac9338744f61a02 -> 
  custom:container-demuxer-ogg: 62fdf1f143b41e24485cea50d1cbac27 -> 
  custom:video-encoder-webm-vp8: eb34c28f22e8b96e1ab97ce403110664 -> 
  custom:video-decoder-webm-vp8: 9c59270c3fd7afecdb556c50c9e8de78 -> 
  custom:audio-decoder-ogg-vorbis: bf7c407c2cedff20999df2af8eb42d56 -> 
  custom:audio-encoder-webm-vorbis: bf7c407c2cedff20999df2af8eb42d56 -> 
========================================================================
Received Prepare
Registering precompiled user dll's ...
Registered in 0.062016 seconds.
Begin MonoManager ReloadAssembly
Symbol file LoadedFromMemory doesn't match image D:\unityProjects\Argon Assault\Library\PackageCache\com.unity.collab-proxy@1.15.15\Lib\Editor\PlasticSCM\unityplastic.dll
Native extension for WindowsStandalone target not found
Refreshing native plugins compatible for Editor in 47.68 ms, found 2 plugins.
Preloading 0 native plugins for Editor in 0.00 ms.
Mono: successfully reloaded assembly
- Completed reload, in  1.575 seconds
Domain Reload Profiling:
	ReloadAssembly (1576ms)
		BeginReloadAssembly (176ms)
			ExecutionOrderSort (0ms)
			DisableScriptedObjects (7ms)
			BackupInstance (0ms)
			ReleaseScriptingObjects (0ms)
			CreateAndSetChildDomain (56ms)
		EndReloadAssembly (1300ms)
			LoadAssemblies (149ms)
			RebuildTransferFunctionScriptingTraits (0ms)
			SetupTypeCache (442ms)
			ReleaseScriptCaches (1ms)
			RebuildScriptCaches (61ms)
			SetupLoadedEditorAssemblies (452ms)
				LogAssemblyErrors (0ms)
				InitializePlatformSupportModulesInManaged (5ms)
				SetLoadedEditorAssemblies (0ms)
				RefreshPlugins (48ms)
				BeforeProcessingInitializeOnLoad (96ms)
				ProcessInitializeOnLoadAttributes (277ms)
				ProcessInitializeOnLoadMethodAttributes (16ms)
				AfterProcessingInitializeOnLoad (10ms)
				EditorAssembliesLoaded (0ms)
			ExecutionOrderSort2 (0ms)
			AwakeInstancesAfterBackupRestoration (11ms)
Platform modules already initialized, skipping
Refreshing native plugins compatible for Editor in 0.57 ms, found 2 plugins.
Preloading 0 native plugins for Editor in 0.00 ms.
Unloading 1502 Unused Serialized files (Serialized files now loaded: 0)
System memory in use before: 82.9 MB.
System memory in use after: 83.0 MB.

Unloading 13 unused Assets to reduce memory usage. Loaded Objects now: 2122.
Total: 4.259400 ms (FindLiveObjects: 0.254200 ms CreateObjectMapping: 0.182900 ms MarkObjects: 3.772900 ms  DeleteObjects: 0.047800 ms)

AssetImportParameters requested are different than current active one (requested -> active):
  custom:framework-win-MediaFoundation: 216162199b28c13a410421893ffa2e32 -> 
  custom:video-decoder-ogg-theora: a1e56fd34408186e4bbccfd4996cb3dc -> 
  custom:container-muxer-webm: aa71ff27fc2769a1b78a27578f13a17b -> 
  custom:container-demuxer-webm: 4f35f7cbe854078d1ac9338744f61a02 -> 
  custom:container-demuxer-ogg: 62fdf1f143b41e24485cea50d1cbac27 -> 
  custom:video-encoder-webm-vp8: eb34c28f22e8b96e1ab97ce403110664 -> 
  custom:video-decoder-webm-vp8: 9c59270c3fd7afecdb556c50c9e8de78 -> 
  custom:audio-decoder-ogg-vorbis: bf7c407c2cedff20999df2af8eb42d56 -> 
  custom:audio-encoder-webm-vorbis: bf7c407c2cedff20999df2af8eb42d56 -> 
========================================================================
Received Prepare
Registering precompiled user dll's ...
Registered in 0.002667 seconds.
Begin MonoManager ReloadAssembly
Symbol file LoadedFromMemory doesn't match image D:\unityProjects\Argon Assault\Library\PackageCache\com.unity.collab-proxy@1.15.15\Lib\Editor\PlasticSCM\unityplastic.dll
Native extension for WindowsStandalone target not found
Refreshing native plugins compatible for Editor in 0.68 ms, found 2 plugins.
Preloading 0 native plugins for Editor in 0.00 ms.
Mono: successfully reloaded assembly
- Completed reload, in  2.221 seconds
Domain Reload Profiling:
	ReloadAssembly (2222ms)
		BeginReloadAssembly (197ms)
			ExecutionOrderSort (0ms)
			DisableScriptedObjects (7ms)
			BackupInstance (0ms)
			ReleaseScriptingObjects (0ms)
			CreateAndSetChildDomain (59ms)
		EndReloadAssembly (1908ms)
			LoadAssemblies (177ms)
			RebuildTransferFunctionScriptingTraits (0ms)
			SetupTypeCache (641ms)
			ReleaseScriptCaches (2ms)
			RebuildScriptCaches (105ms)
			SetupLoadedEditorAssemblies (730ms)
				LogAssemblyErrors (0ms)
				InitializePlatformSupportModulesInManaged (13ms)
				SetLoadedEditorAssemblies (2ms)
				RefreshPlugins (1ms)
				BeforeProcessingInitializeOnLoad (215ms)
				ProcessInitializeOnLoadAttributes (465ms)
				ProcessInitializeOnLoadMethodAttributes (21ms)
				AfterProcessingInitializeOnLoad (14ms)
				EditorAssembliesLoaded (0ms)
			ExecutionOrderSort2 (0ms)
			AwakeInstancesAfterBackupRestoration (12ms)
Platform modules already initialized, skipping
Refreshing native plugins compatible for Editor in 0.56 ms, found 2 plugins.
Preloading 0 native plugins for Editor in 0.00 ms.
Unloading 1502 Unused Serialized files (Serialized files now loaded: 0)
System memory in use before: 82.9 MB.
System memory in use after: 83.0 MB.

Unloading 11 unused Assets to reduce memory usage. Loaded Objects now: 2125.
Total: 3.979200 ms (FindLiveObjects: 0.206800 ms CreateObjectMapping: 0.083900 ms MarkObjects: 3.650900 ms  DeleteObjects: 0.036600 ms)

AssetImportParameters requested are different than current active one (requested -> active):
  custom:framework-win-MediaFoundation: 216162199b28c13a410421893ffa2e32 -> 
  custom:video-decoder-ogg-theora: a1e56fd34408186e4bbccfd4996cb3dc -> 
  custom:container-muxer-webm: aa71ff27fc2769a1b78a27578f13a17b -> 
  custom:container-demuxer-webm: 4f35f7cbe854078d1ac9338744f61a02 -> 
  custom:container-demuxer-ogg: 62fdf1f143b41e24485cea50d1cbac27 -> 
  custom:video-encoder-webm-vp8: eb34c28f22e8b96e1ab97ce403110664 -> 
  custom:video-decoder-webm-vp8: 9c59270c3fd7afecdb556c50c9e8de78 -> 
  custom:audio-decoder-ogg-vorbis: bf7c407c2cedff20999df2af8eb42d56 -> 
  custom:audio-encoder-webm-vorbis: bf7c407c2cedff20999df2af8eb42d56 -> 
========================================================================
Received Import Request.
  Time since last request: 7162.374726 seconds.
  path: Assets/New Terrain.asset
  artifactKey: Guid(2b08abae8be3ede4986309ea9dab7dec) Importer(815301076,1909f56bfc062723c751e8b465ee728b)
Start importing Assets/New Terrain.asset using Guid(2b08abae8be3ede4986309ea9dab7dec) Importer(815301076,1909f56bfc062723c751e8b465ee728b)  -> (artifact id: '9b4a5ca21ed641cf13f891557ca7a6a7') in 0.076354 seconds 
========================================================================
Received Import Request.
  Time since last request: 48.131794 seconds.
  path: Assets/Samples
  artifactKey: Guid(cdebfaf29b4834e45b041bb420a82834) Importer(815301076,1909f56bfc062723c751e8b465ee728b)
Start importing Assets/Samples using Guid(cdebfaf29b4834e45b041bb420a82834) Importer(815301076,1909f56bfc062723c751e8b465ee728b)  -> (artifact id: '6c17e837a466f5379727f869701762a0') in 0.013590 seconds 
========================================================================
Received Import Request.
  Time since last request: 1.223862 seconds.
  path: Assets/Samples/Terrain Tools
  artifactKey: Guid(985d300454f529448ab61ccdaabc33e3) Importer(815301076,1909f56bfc062723c751e8b465ee728b)
Start importing Assets/Samples/Terrain Tools using Guid(985d300454f529448ab61ccdaabc33e3) Importer(815301076,1909f56bfc062723c751e8b465ee728b)  -> (artifact id: '530c4fe27b32c0a4cfabc9f76e7f1b46') in 0.027939 seconds 
========================================================================
Received Import Request.
  Time since last request: 0.539531 seconds.
  path: Assets/Samples/Terrain Tools/0.1.0-preview
  artifactKey: Guid(d3410f8e311ae2a4b875d69644fc3e98) Importer(815301076,1909f56bfc062723c751e8b465ee728b)
Start importing Assets/Samples/Terrain Tools/0.1.0-preview using Guid(d3410f8e311ae2a4b875d69644fc3e98) Importer(815301076,1909f56bfc062723c751e8b465ee728b)  -> (artifact id: 'ece9fc4b2ed9e376ff833bbacf3e9a50') in 0.023856 seconds 
========================================================================
Received Import Request.
  Time since last request: 0.565282 seconds.
  path: Assets/Samples/Terrain Tools/0.1.0-preview/Terrain Assets
  artifactKey: Guid(c346df1fc531f6443aea5a3863866420) Importer(815301076,1909f56bfc062723c751e8b465ee728b)
Start importing Assets/Samples/Terrain Tools/0.1.0-preview/Terrain Assets using Guid(c346df1fc531f6443aea5a3863866420) Importer(815301076,1909f56bfc062723c751e8b465ee728b)  -> (artifact id: '189ce5efe3712cc86e993fb203cebc71') in 0.020801 seconds 
========================================================================
Received Import Request.
  Time since last request: 1.996339 seconds.
  path: Assets/Samples/Terrain Tools/0.1.0-preview/Terrain Assets/TerrainBrushes
  artifactKey: Guid(06d093db78f37314382766fde05acf29) Importer(815301076,1909f56bfc062723c751e8b465ee728b)
Start importing Assets/Samples/Terrain Tools/0.1.0-preview/Terrain Assets/TerrainBrushes using Guid(06d093db78f37314382766fde05acf29) Importer(815301076,1909f56bfc062723c751e8b465ee728b)  -> (artifact id: '1bb7f568629ae9e0b00b6415f57e83eb') in 0.017114 seconds 
========================================================================
Received Import Request.
  Time since last request: 0.037553 seconds.
  path: Assets/Samples/Terrain Tools/0.1.0-preview/Terrain Assets/TerrainBrushes/noise_soft.brush
  artifactKey: Guid(cee96a2661edd1040b6f86ac79ab5fc8) Importer(815301076,1909f56bfc062723c751e8b465ee728b)
Start importing Assets/Samples/Terrain Tools/0.1.0-preview/Terrain Assets/TerrainBrushes/noise_soft.brush using Guid(cee96a2661edd1040b6f86ac79ab5fc8) Importer(815301076,1909f56bfc062723c751e8b465ee728b)  -> (artifact id: '2cb5585c4d41eda7a55143882cb66df5') in 0.124189 seconds 
========================================================================
Received Import Request.
  Time since last request: 0.000338 seconds.
  path: Assets/Samples/Terrain Tools/0.1.0-preview/Terrain Assets/TerrainBrushes/terrainstamp_canyon05.brush
  artifactKey: Guid(ceb297a70ecfb74479647a7e0e433265) Importer(815301076,1909f56bfc062723c751e8b465ee728b)
Start importing Assets/Samples/Terrain Tools/0.1.0-preview/Terrain Assets/TerrainBrushes/terrainstamp_canyon05.brush using Guid(ceb297a70ecfb74479647a7e0e433265) Importer(815301076,1909f56bfc062723c751e8b465ee728b)  -> (artifact id: '04c4fa37e70081870e87f844bf920ecb') in 0.055574 seconds 
========================================================================
Received Import Request.
  Time since last request: 0.000258 seconds.
  path: Assets/Samples/Terrain Tools/0.1.0-preview/Terrain Assets/TerrainBrushes/terrainstamp_mountain01.brush
  artifactKey: Guid(87bcc148df475664181f323cf3b45e93) Importer(815301076,1909f56bfc062723c751e8b465ee728b)
Start importing Assets/Samples/Terrain Tools/0.1.0-preview/Terrain Assets/TerrainBrushes/terrainstamp_mountain01.brush using Guid(87bcc148df475664181f323cf3b45e93) Importer(815301076,1909f56bfc062723c751e8b465ee728b)  -> (artifact id: '6ced3db4cc3cf783dcd00f598740f5c7') in 0.045613 seconds 
========================================================================
Received Import Request.
  Time since last request: 0.000332 seconds.
  path: Assets/Samples/Terrain Tools/0.1.0-preview/Terrain Assets/TerrainBrushes/terrainstamp_ridge03.brush
  artifactKey: Guid(7d08355cc5be1584f858af2f22f8bbbb) Importer(815301076,1909f56bfc062723c751e8b465ee728b)
Start importing Assets/Samples/Terrain Tools/0.1.0-preview/Terrain Assets/TerrainBrushes/terrainstamp_ridge03.brush using Guid(7d08355cc5be1584f858af2f22f8bbbb) Importer(815301076,1909f56bfc062723c751e8b465ee728b)  -> (artifact id: '7f1152b22ac4befe1913acbfec4b471f') in 0.039646 seconds 
========================================================================
Received Import Request.
  Time since last request: 0.000329 seconds.
  path: Assets/Samples/Terrain Tools/0.1.0-preview/Terrain Assets/TerrainBrushes/terrainstamp_ridge02.brush
  artifactKey: Guid(5203e2a4f3ccc3548bde5beb3ca4bdc2) Importer(815301076,1909f56bfc062723c751e8b465ee728b)
Start importing Assets/Samples/Terrain Tools/0.1.0-preview/Terrain Assets/TerrainBrushes/terrainstamp_ridge02.brush using Guid(5203e2a4f3ccc3548bde5beb3ca4bdc2) Importer(815301076,1909f56bfc062723c751e8b465ee728b)  -> (artifact id: 'b1fcfe72246a80f47ca57c5887bdd2ee') in 0.044870 seconds 
========================================================================
Received Import Request.
  Time since last request: 0.000239 seconds.
  path: Assets/Samples/Terrain Tools/0.1.0-preview/Terrain Assets/TerrainBrushes/terrainstamp_volcano01.brush
  artifactKey: Guid(e5a2f11e9d7a4da4caf17b3e59800215) Importer(815301076,1909f56bfc062723c751e8b465ee728b)
Start importing Assets/Samples/Terrain Tools/0.1.0-preview/Terrain Assets/TerrainBrushes/terrainstamp_volcano01.brush using Guid(e5a2f11e9d7a4da4caf17b3e59800215) Importer(815301076,1909f56bfc062723c751e8b465ee728b)  -> (artifact id: 'df254c0b897e18eb0d724ceaecc8d112') in 0.040168 seconds 
========================================================================
Received Import Request.
  Time since last request: 0.000282 seconds.
  path: Assets/Samples/Terrain Tools/0.1.0-preview/Terrain Assets/TerrainBrushes/terrainstamp_erode01.brush
  artifactKey: Guid(7ee3d567366c781458dc63f069654dff) Importer(815301076,1909f56bfc062723c751e8b465ee728b)
Start importing Assets/Samples/Terrain Tools/0.1.0-preview/Terrain Assets/TerrainBrushes/terrainstamp_erode01.brush using Guid(7ee3d567366c781458dc63f069654dff) Importer(815301076,1909f56bfc062723c751e8b465ee728b)  -> (artifact id: '53717cd3a5daa14b4ad2155fc7f5d6f9') in 0.037922 seconds 
========================================================================
Received Import Request.
  Time since last request: 0.000379 seconds.
  path: Assets/Samples/Terrain Tools/0.1.0-preview/Terrain Assets/TerrainBrushes/terrainstamp_ridge06.brush
  artifactKey: Guid(24a7eabe2ad91f84fbf3a7ecf7b532b6) Importer(815301076,1909f56bfc062723c751e8b465ee728b)
Start importing Assets/Samples/Terrain Tools/0.1.0-preview/Terrain Assets/TerrainBrushes/terrainstamp_ridge06.brush using Guid(24a7eabe2ad91f84fbf3a7ecf7b532b6) Importer(815301076,1909f56bfc062723c751e8b465ee728b)  -> (artifact id: '3af6593de52e35331d53879b5ecd39fd') in 0.044731 seconds 
========================================================================
Received Import Request.
  Time since last request: 0.000262 seconds.
  path: Assets/Samples/Terrain Tools/0.1.0-preview/Terrain Assets/TerrainBrushes/terrainstamp_flatmountain01.brush
  artifactKey: Guid(5ca44fb774755d14f93870431e58a1e2) Importer(815301076,1909f56bfc062723c751e8b465ee728b)
Start importing Assets/Samples/Terrain Tools/0.1.0-preview/Terrain Assets/TerrainBrushes/terrainstamp_flatmountain01.brush using Guid(5ca44fb774755d14f93870431e58a1e2) Importer(815301076,1909f56bfc062723c751e8b465ee728b)  -> (artifact id: '5536a9b1f12f4ac3e0d7ad4d8debcd5d') in 0.036438 seconds 
========================================================================
Received Import Request.
  Time since last request: 0.000333 seconds.
  path: Assets/Samples/Terrain Tools/0.1.0-preview/Terrain Assets/TerrainBrushes/terrainstamp_island01.brush
  artifactKey: Guid(52ed55fadd8d2b34cb0f9f08adb04a84) Importer(815301076,1909f56bfc062723c751e8b465ee728b)
Start importing Assets/Samples/Terrain Tools/0.1.0-preview/Terrain Assets/TerrainBrushes/terrainstamp_island01.brush using Guid(52ed55fadd8d2b34cb0f9f08adb04a84) Importer(815301076,1909f56bfc062723c751e8b465ee728b)  -> (artifact id: 'c1a9b201b135ade5cf267f0b0fbc9c2d') in 0.033300 seconds 
========================================================================
Received Import Request.
  Time since last request: 0.000338 seconds.
  path: Assets/Samples/Terrain Tools/0.1.0-preview/Terrain Assets/TerrainBrushes/terrainstamp_softpeaks01.brush
  artifactKey: Guid(7eae67bc3f75e02478ed0f5c2d4498cf) Importer(815301076,1909f56bfc062723c751e8b465ee728b)
Start importing Assets/Samples/Terrain Tools/0.1.0-preview/Terrain Assets/TerrainBrushes/terrainstamp_softpeaks01.brush using Guid(7eae67bc3f75e02478ed0f5c2d4498cf) Importer(815301076,1909f56bfc062723c751e8b465ee728b)  -> (artifact id: '41e47d1cd59a5395e58c37785fdf33a2') in 0.043630 seconds 
========================================================================
Received Import Request.
  Time since last request: 0.000265 seconds.
  path: Assets/Samples/Terrain Tools/0.1.0-preview/Terrain Assets/TerrainBrushes/terrainstamp_ridge01.brush
  artifactKey: Guid(776f9b3da89f9394cac9a53aab9a5eb5) Importer(815301076,1909f56bfc062723c751e8b465ee728b)
Start importing Assets/Samples/Terrain Tools/0.1.0-preview/Terrain Assets/TerrainBrushes/terrainstamp_ridge01.brush using Guid(776f9b3da89f9394cac9a53aab9a5eb5) Importer(815301076,1909f56bfc062723c751e8b465ee728b)  -> (artifact id: '8332bb8b66e4ed619fec20476368d92e') in 0.047542 seconds 
========================================================================
Received Import Request.
  Time since last request: 0.000296 seconds.
  path: Assets/Samples/Terrain Tools/0.1.0-preview/Terrain Assets/TerrainBrushes/terrainstamp_mountain08.brush
  artifactKey: Guid(f3ac69de155752e498f0f9864e41e7a1) Importer(815301076,1909f56bfc062723c751e8b465ee728b)
Start importing Assets/Samples/Terrain Tools/0.1.0-preview/Terrain Assets/TerrainBrushes/terrainstamp_mountain08.brush using Guid(f3ac69de155752e498f0f9864e41e7a1) Importer(815301076,1909f56bfc062723c751e8b465ee728b)  -> (artifact id: '8fdab0ced0a3db97e3f2e9a02151baec') in 0.043537 seconds 
========================================================================
Received Import Request.
  Time since last request: 0.000325 seconds.
  path: Assets/Samples/Terrain Tools/0.1.0-preview/Terrain Assets/TerrainBrushes/terrainstamp_canyon04.brush
  artifactKey: Guid(dc670a42db363de40a6e6d9f231404ca) Importer(815301076,1909f56bfc062723c751e8b465ee728b)
Start importing Assets/Samples/Terrain Tools/0.1.0-preview/Terrain Assets/TerrainBrushes/terrainstamp_canyon04.brush using Guid(dc670a42db363de40a6e6d9f231404ca) Importer(815301076,1909f56bfc062723c751e8b465ee728b)  -> (artifact id: '2cb31396ac0b6c0bb0917c841d33c823') in 0.039848 seconds 
========================================================================
Received Import Request.
  Time since last request: 0.000270 seconds.
  path: Assets/Samples/Terrain Tools/0.1.0-preview/Terrain Assets/TerrainBrushes/terrainstamp_rollinghills01.brush
  artifactKey: Guid(9bcbad10823d47140bc0c90bfc339f4e) Importer(815301076,1909f56bfc062723c751e8b465ee728b)
Start importing Assets/Samples/Terrain Tools/0.1.0-preview/Terrain Assets/TerrainBrushes/terrainstamp_rollinghills01.brush using Guid(9bcbad10823d47140bc0c90bfc339f4e) Importer(815301076,1909f56bfc062723c751e8b465ee728b)  -> (artifact id: 'df10e0197e6c96ac5ccb5f3752dc4c8c') in 0.034175 seconds 
========================================================================
Received Import Request.
  Time since last request: 0.000284 seconds.
  path: Assets/Samples/Terrain Tools/0.1.0-preview/Terrain Assets/TerrainBrushes/terrainstamp_crackedground02.brush
  artifactKey: Guid(61e8c4f14d0453448b7e510f7f96990c) Importer(815301076,1909f56bfc062723c751e8b465ee728b)
Start importing Assets/Samples/Terrain Tools/0.1.0-preview/Terrain Assets/TerrainBrushes/terrainstamp_crackedground02.brush using Guid(61e8c4f14d0453448b7e510f7f96990c) Importer(815301076,1909f56bfc062723c751e8b465ee728b)  -> (artifact id: 'cd0384d785a5b4302ae8094309612776') in 0.040244 seconds 
========================================================================
Received Import Request.
  Time since last request: 0.000370 seconds.
  path: Assets/Samples/Terrain Tools/0.1.0-preview/Terrain Assets/TerrainBrushes/terrainstamp_erode02.brush
  artifactKey: Guid(b4f1a8962849d1e418cbb0637143dc00) Importer(815301076,1909f56bfc062723c751e8b465ee728b)
Start importing Assets/Samples/Terrain Tools/0.1.0-preview/Terrain Assets/TerrainBrushes/terrainstamp_erode02.brush using Guid(b4f1a8962849d1e418cbb0637143dc00) Importer(815301076,1909f56bfc062723c751e8b465ee728b)  -> (artifact id: '5bcd16560ee146c1f657de7a01575b5e') in 0.045722 seconds 
========================================================================
Received Import Request.
  Time since last request: 0.000233 seconds.
  path: Assets/Samples/Terrain Tools/0.1.0-preview/Terrain Assets/TerrainBrushes/terrainstamp_mountain02.brush
  artifactKey: Guid(8569f88df55a4b64b997e64b2aa69432) Importer(815301076,1909f56bfc062723c751e8b465ee728b)
Start importing Assets/Samples/Terrain Tools/0.1.0-preview/Terrain Assets/TerrainBrushes/terrainstamp_mountain02.brush using Guid(8569f88df55a4b64b997e64b2aa69432) Importer(815301076,1909f56bfc062723c751e8b465ee728b)  -> (artifact id: '079c20b57f4ef81528ea38e002b68ecf') in 0.034350 seconds 
========================================================================
Received Import Request.
  Time since last request: 0.000266 seconds.
  path: Assets/Samples/Terrain Tools/0.1.0-preview/Terrain Assets/TerrainBrushes/terrainstamp_plateau02.brush
  artifactKey: Guid(11e6706e84aaff345ac7f2478d9d88a3) Importer(815301076,1909f56bfc062723c751e8b465ee728b)
Start importing Assets/Samples/Terrain Tools/0.1.0-preview/Terrain Assets/TerrainBrushes/terrainstamp_plateau02.brush using Guid(11e6706e84aaff345ac7f2478d9d88a3) Importer(815301076,1909f56bfc062723c751e8b465ee728b)  -> (artifact id: '2440fbe58c670589a3e0f580fb619721') in 0.035323 seconds 
========================================================================
Received Import Request.
  Time since last request: 0.000297 seconds.
  path: Assets/Samples/Terrain Tools/0.1.0-preview/Terrain Assets/TerrainBrushes/terrainstamp_mountain05.brush
  artifactKey: Guid(c18cd5b317ff2af479fe5b47336cc75c) Importer(815301076,1909f56bfc062723c751e8b465ee728b)
Start importing Assets/Samples/Terrain Tools/0.1.0-preview/Terrain Assets/TerrainBrushes/terrainstamp_mountain05.brush using Guid(c18cd5b317ff2af479fe5b47336cc75c) Importer(815301076,1909f56bfc062723c751e8b465ee728b)  -> (artifact id: '6e0b2acab0ceb637a38fe37c422dcd3f') in 0.037591 seconds 
========================================================================
Received Import Request.
  Time since last request: 0.000308 seconds.
  path: Assets/Samples/Terrain Tools/0.1.0-preview/Terrain Assets/TerrainBrushes/terrainstamp_plateau01.brush
  artifactKey: Guid(bb325d04c0ca0dd4a85a78892caa83fc) Importer(815301076,1909f56bfc062723c751e8b465ee728b)
Start importing Assets/Samples/Terrain Tools/0.1.0-preview/Terrain Assets/TerrainBrushes/terrainstamp_plateau01.brush using Guid(bb325d04c0ca0dd4a85a78892caa83fc) Importer(815301076,1909f56bfc062723c751e8b465ee728b)  -> (artifact id: 'f83a5abeceab8a02e7e34e42c29abaa5') in 0.034563 seconds 
========================================================================
Received Import Request.
  Time since last request: 0.000272 seconds.
  path: Assets/Samples/Terrain Tools/0.1.0-preview/Terrain Assets/TerrainBrushes/terrainstamp_ridge05.brush
  artifactKey: Guid(014d61beb3975e849b26bc42fbf17b42) Importer(815301076,1909f56bfc062723c751e8b465ee728b)
Start importing Assets/Samples/Terrain Tools/0.1.0-preview/Terrain Assets/TerrainBrushes/terrainstamp_ridge05.brush using Guid(014d61beb3975e849b26bc42fbf17b42) Importer(815301076,1909f56bfc062723c751e8b465ee728b)  -> (artifact id: 'b3a8bb44477050e16408529ee6b7cf70') in 0.039482 seconds 
========================================================================
Received Import Request.
  Time since last request: 0.000333 seconds.
  path: Assets/Samples/Terrain Tools/0.1.0-preview/Terrain Assets/TerrainBrushes/terrainstamp_volcano02.brush
  artifactKey: Guid(5bcc5a77fc677c24c98eb188064d3acd) Importer(815301076,1909f56bfc062723c751e8b465ee728b)
Start importing Assets/Samples/Terrain Tools/0.1.0-preview/Terrain Assets/TerrainBrushes/terrainstamp_volcano02.brush using Guid(5bcc5a77fc677c24c98eb188064d3acd) Importer(815301076,1909f56bfc062723c751e8b465ee728b)  -> (artifact id: 'e534ea4892cb1dd54f00e95cf93997fc') in 0.039841 seconds 
========================================================================
Received Import Request.
  Time since last request: 0.000317 seconds.
  path: Assets/Samples/Terrain Tools/0.1.0-preview/Terrain Assets/TerrainBrushes/terrainstamp_crackedground01.brush
  artifactKey: Guid(a27a2665c8aec334ba8bbba24ee0c827) Importer(815301076,1909f56bfc062723c751e8b465ee728b)
Start importing Assets/Samples/Terrain Tools/0.1.0-preview/Terrain Assets/TerrainBrushes/terrainstamp_crackedground01.brush using Guid(a27a2665c8aec334ba8bbba24ee0c827) Importer(815301076,1909f56bfc062723c751e8b465ee728b)  -> (artifact id: '1b3b700a6452de9e6eb71bac4fd26665') in 0.032513 seconds 
========================================================================
Received Import Request.
  Time since last request: 0.000374 seconds.
  path: Assets/Samples/Terrain Tools/0.1.0-preview/Terrain Assets/TerrainBrushes/terrainstamp_canyon02.brush
  artifactKey: Guid(7ddc1e59f6e82cc4693b55b0badb4aa3) Importer(815301076,1909f56bfc062723c751e8b465ee728b)
Start importing Assets/Samples/Terrain Tools/0.1.0-preview/Terrain Assets/TerrainBrushes/terrainstamp_canyon02.brush using Guid(7ddc1e59f6e82cc4693b55b0badb4aa3) Importer(815301076,1909f56bfc062723c751e8b465ee728b)  -> (artifact id: 'e77a28b7fdc5049434fd77173bb3d63c') in 0.034743 seconds 
========================================================================
Received Import Request.
  Time since last request: 0.000469 seconds.
  path: Assets/Samples/Terrain Tools/0.1.0-preview/Terrain Assets/TerrainBrushes/soft_round.brush
  artifactKey: Guid(a757b66aa1cbcbe4595dd37a3729ba24) Importer(815301076,1909f56bfc062723c751e8b465ee728b)
Start importing Assets/Samples/Terrain Tools/0.1.0-preview/Terrain Assets/TerrainBrushes/soft_round.brush using Guid(a757b66aa1cbcbe4595dd37a3729ba24) Importer(815301076,1909f56bfc062723c751e8b465ee728b)  -> (artifact id: 'e854478518457687cd52dca1c72aff5c') in 0.033599 seconds 
========================================================================
Received Import Request.
  Time since last request: 0.000262 seconds.
  path: Assets/Samples/Terrain Tools/0.1.0-preview/Terrain Assets/TerrainBrushes/terrainstamp_mountain07.brush
  artifactKey: Guid(6f360df90c5a57042ba4b09cb3249ffc) Importer(815301076,1909f56bfc062723c751e8b465ee728b)
Start importing Assets/Samples/Terrain Tools/0.1.0-preview/Terrain Assets/TerrainBrushes/terrainstamp_mountain07.brush using Guid(6f360df90c5a57042ba4b09cb3249ffc) Importer(815301076,1909f56bfc062723c751e8b465ee728b)  -> (artifact id: '4bf5e56774b59a156726d39c6e90d56a') in 0.036853 seconds 
========================================================================
Received Import Request.
  Time since last request: 0.001728 seconds.
  path: Assets/Samples/Terrain Tools/0.1.0-preview/Terrain Assets/TerrainBrushes/terrainstamp_canyon03.brush
  artifactKey: Guid(d4e29f095247ea040aabee8a6cb3b010) Importer(815301076,1909f56bfc062723c751e8b465ee728b)
Start importing Assets/Samples/Terrain Tools/0.1.0-preview/Terrain Assets/TerrainBrushes/terrainstamp_canyon03.brush using Guid(d4e29f095247ea040aabee8a6cb3b010) Importer(815301076,1909f56bfc062723c751e8b465ee728b)  -> (artifact id: 'e7f1891df502f35399db9b3af98ad357') in 0.033064 seconds 
========================================================================
Received Import Request.
  Time since last request: 0.000336 seconds.
  path: Assets/Samples/Terrain Tools/0.1.0-preview/Terrain Assets/TerrainBrushes/terrainstamp_plateau03.brush
  artifactKey: Guid(387141d2bd04a10459d9a306ca45434f) Importer(815301076,1909f56bfc062723c751e8b465ee728b)
Start importing Assets/Samples/Terrain Tools/0.1.0-preview/Terrain Assets/TerrainBrushes/terrainstamp_plateau03.brush using Guid(387141d2bd04a10459d9a306ca45434f) Importer(815301076,1909f56bfc062723c751e8b465ee728b)  -> (artifact id: '677f95b6c27b2309b6662ad59e419c0d') in 0.036429 seconds 
========================================================================
Received Import Request.
  Time since last request: 0.000325 seconds.
  path: Assets/Samples/Terrain Tools/0.1.0-preview/Terrain Assets/TerrainBrushes/terrainstamp_mountain06.brush
  artifactKey: Guid(1f59549ee2c7eab4d833e1b9cd1bb76b) Importer(815301076,1909f56bfc062723c751e8b465ee728b)
Start importing Assets/Samples/Terrain Tools/0.1.0-preview/Terrain Assets/TerrainBrushes/terrainstamp_mountain06.brush using Guid(1f59549ee2c7eab4d833e1b9cd1bb76b) Importer(815301076,1909f56bfc062723c751e8b465ee728b)  -> (artifact id: 'b147a1d6aaef8d127ad250b46031d8ab') in 0.034160 seconds 
========================================================================
Received Import Request.
  Time since last request: 0.000275 seconds.
  path: Assets/Samples/Terrain Tools/0.1.0-preview/Terrain Assets/TerrainBrushes/terrainstamp_mountain04.brush
  artifactKey: Guid(84399f7e9c8b199478532ded97f1ed9b) Importer(815301076,1909f56bfc062723c751e8b465ee728b)
Start importing Assets/Samples/Terrain Tools/0.1.0-preview/Terrain Assets/TerrainBrushes/terrainstamp_mountain04.brush using Guid(84399f7e9c8b199478532ded97f1ed9b) Importer(815301076,1909f56bfc062723c751e8b465ee728b)  -> (artifact id: 'c9a9c48ec9c3096b3b0311ef27c2055f') in 0.037891 seconds 
========================================================================
Received Import Request.
  Time since last request: 0.000329 seconds.
  path: Assets/Samples/Terrain Tools/0.1.0-preview/Terrain Assets/TerrainBrushes/terrainstamp_mountain03.brush
  artifactKey: Guid(f11a285f166a0f6499471bc2b3deaefb) Importer(815301076,1909f56bfc062723c751e8b465ee728b)
Start importing Assets/Samples/Terrain Tools/0.1.0-preview/Terrain Assets/TerrainBrushes/terrainstamp_mountain03.brush using Guid(f11a285f166a0f6499471bc2b3deaefb) Importer(815301076,1909f56bfc062723c751e8b465ee728b)  -> (artifact id: '2c4cb1cbb074921b85faa6b86cf08d80') in 0.034165 seconds 
========================================================================
Received Import Request.
  Time since last request: 0.000375 seconds.
  path: Assets/Samples/Terrain Tools/0.1.0-preview/Terrain Assets/TerrainBrushes/terrainstamp_ridge04.brush
  artifactKey: Guid(913af1c64ea139348925340c09459a50) Importer(815301076,1909f56bfc062723c751e8b465ee728b)
Start importing Assets/Samples/Terrain Tools/0.1.0-preview/Terrain Assets/TerrainBrushes/terrainstamp_ridge04.brush using Guid(913af1c64ea139348925340c09459a50) Importer(815301076,1909f56bfc062723c751e8b465ee728b)  -> (artifact id: '5c40370edaf002dd8b5f22c419533bb7') in 0.039727 seconds 
========================================================================
Received Import Request.
  Time since last request: 0.000271 seconds.
  path: Assets/Samples/Terrain Tools/0.1.0-preview/Terrain Assets/TerrainBrushes/terrainstamp_ridgeedge01.brush
  artifactKey: Guid(b47c02079aebe594a94e62b833a0616b) Importer(815301076,1909f56bfc062723c751e8b465ee728b)
Start importing Assets/Samples/Terrain Tools/0.1.0-preview/Terrain Assets/TerrainBrushes/terrainstamp_ridgeedge01.brush using Guid(b47c02079aebe594a94e62b833a0616b) Importer(815301076,1909f56bfc062723c751e8b465ee728b)  -> (artifact id: '1b9558707eac382a5f96eaf6cc7723b8') in 0.034330 seconds 
========================================================================
Received Import Request.
  Time since last request: 0.000267 seconds.
  path: Assets/Samples/Terrain Tools/0.1.0-preview/Terrain Assets/TerrainBrushes/terrainstamp_canyon01.brush
  artifactKey: Guid(9b1536174e1306f4eb016fe953e5a678) Importer(815301076,1909f56bfc062723c751e8b465ee728b)
Start importing Assets/Samples/Terrain Tools/0.1.0-preview/Terrain Assets/TerrainBrushes/terrainstamp_canyon01.brush using Guid(9b1536174e1306f4eb016fe953e5a678) Importer(815301076,1909f56bfc062723c751e8b465ee728b)  -> (artifact id: '171686e809a19b703460f27ff28181e5') in 0.040936 seconds 
========================================================================
Received Import Request.
  Time since last request: 389.734616 seconds.
  path: Assets/Samples/Terrain Tools/0.1.0-preview/Terrain Assets/BrushTextures/canyon01.tif
  artifactKey: Guid(903360ef543b50449ae74931c4fddc2c) Importer(815301076,1909f56bfc062723c751e8b465ee728b)
Start importing Assets/Samples/Terrain Tools/0.1.0-preview/Terrain Assets/BrushTextures/canyon01.tif using Guid(903360ef543b50449ae74931c4fddc2c) Importer(815301076,1909f56bfc062723c751e8b465ee728b)  -> (artifact id: '64fc799a3845f8a948bfbb4876ecae65') in 0.132182 seconds 
========================================================================
Received Import Request.
  Time since last request: 0.000343 seconds.
  path: Assets/Samples/Terrain Tools/0.1.0-preview/Terrain Assets/BrushTextures/mountain08.tif
  artifactKey: Guid(d5428cdc2df49fc4a9aa5bbbcfcfe0e0) Importer(815301076,1909f56bfc062723c751e8b465ee728b)
Start importing Assets/Samples/Terrain Tools/0.1.0-preview/Terrain Assets/BrushTextures/mountain08.tif using Guid(d5428cdc2df49fc4a9aa5bbbcfcfe0e0) Importer(815301076,1909f56bfc062723c751e8b465ee728b)  -> (artifact id: '7475705de33611ac8c1be6b5e8654de9') in 0.049282 seconds 
========================================================================
Received Import Request.
  Time since last request: 0.000338 seconds.
  path: Assets/Samples/Terrain Tools/0.1.0-preview/Terrain Assets/TerrainTextures/sand_albedo.tif
  artifactKey: Guid(6bcc65b7c6e3a0b448d7801bfc56842f) Importer(815301076,1909f56bfc062723c751e8b465ee728b)
Start importing Assets/Samples/Terrain Tools/0.1.0-preview/Terrain Assets/TerrainTextures/sand_albedo.tif using Guid(6bcc65b7c6e3a0b448d7801bfc56842f) Importer(815301076,1909f56bfc062723c751e8b465ee728b)  -> (artifact id: '3a78acccc289b2c64909a166ce6f15d5') in 0.049649 seconds 
========================================================================
Received Import Request.
  Time since last request: 0.000340 seconds.
  path: Assets/Samples/Terrain Tools/0.1.0-preview/Terrain Assets/TerrainTextures/scree_albedo.tif
  artifactKey: Guid(fcd3993703e7d804bb735613d2a5189d) Importer(815301076,1909f56bfc062723c751e8b465ee728b)
Start importing Assets/Samples/Terrain Tools/0.1.0-preview/Terrain Assets/TerrainTextures/scree_albedo.tif using Guid(fcd3993703e7d804bb735613d2a5189d) Importer(815301076,1909f56bfc062723c751e8b465ee728b)  -> (artifact id: '5eed60a910cf4262729d3dba6a5d0300') in 0.037698 seconds 
========================================================================
Received Import Request.
  Time since last request: 0.000331 seconds.
  path: Assets/Samples/Terrain Tools/0.1.0-preview/Terrain Assets/BrushTextures/plateau02.tif
  artifactKey: Guid(7fce2600db05ae54ea39d9e5681232cc) Importer(815301076,1909f56bfc062723c751e8b465ee728b)
Start importing Assets/Samples/Terrain Tools/0.1.0-preview/Terrain Assets/BrushTextures/plateau02.tif using Guid(7fce2600db05ae54ea39d9e5681232cc) Importer(815301076,1909f56bfc062723c751e8b465ee728b)  -> (artifact id: '538d59aea83e48c4cf5805ae600ee3a2') in 0.041281 seconds 
========================================================================
Received Import Request.
  Time since last request: 0.000390 seconds.
  path: Assets/Samples/Terrain Tools/0.1.0-preview/Terrain Assets/TerrainTextures/scree_mask.tif
  artifactKey: Guid(e2a486d7d86a7e8469b15e7ae4d004f0) Importer(815301076,1909f56bfc062723c751e8b465ee728b)
Start importing Assets/Samples/Terrain Tools/0.1.0-preview/Terrain Assets/TerrainTextures/scree_mask.tif using Guid(e2a486d7d86a7e8469b15e7ae4d004f0) Importer(815301076,1909f56bfc062723c751e8b465ee728b)  -> (artifact id: 'e0130db8067057e3a20dda968b85ee4a') in 0.031702 seconds 
========================================================================
Received Import Request.
  Time since last request: 0.000307 seconds.
  path: Assets/Samples/Terrain Tools/0.1.0-preview/Terrain Assets/BrushTextures/rolling_hills01.tif
  artifactKey: Guid(ef3a42474254efb44a572b52d3ac06cd) Importer(815301076,1909f56bfc062723c751e8b465ee728b)
Start importing Assets/Samples/Terrain Tools/0.1.0-preview/Terrain Assets/BrushTextures/rolling_hills01.tif using Guid(ef3a42474254efb44a572b52d3ac06cd) Importer(815301076,1909f56bfc062723c751e8b465ee728b)  -> (artifact id: '177e6c1803148be92d4ae4b8e39b8d8d') in 0.040358 seconds 
========================================================================
Received Import Request.
  Time since last request: 0.000367 seconds.
  path: Assets/Samples/Terrain Tools/0.1.0-preview/Terrain Assets/BrushTextures/canyon02.tif
  artifactKey: Guid(4fe4d3241d435594b82a72af96e4052d) Importer(815301076,1909f56bfc062723c751e8b465ee728b)
Start importing Assets/Samples/Terrain Tools/0.1.0-preview/Terrain Assets/BrushTextures/canyon02.tif using Guid(4fe4d3241d435594b82a72af96e4052d) Importer(815301076,1909f56bfc062723c751e8b465ee728b)  -> (artifact id: '5d14127df3f3968e59dd1afb699ee8b4') in 0.037295 seconds 
========================================================================
Received Import Request.
  Time since last request: 0.000320 seconds.
  path: Assets/Samples/Terrain Tools/0.1.0-preview/Terrain Assets/BrushTextures/ridge05.tif
  artifactKey: Guid(d5746b47e7c4501479a9aaa297c095e3) Importer(815301076,1909f56bfc062723c751e8b465ee728b)
Start importing Assets/Samples/Terrain Tools/0.1.0-preview/Terrain Assets/BrushTextures/ridge05.tif using Guid(d5746b47e7c4501479a9aaa297c095e3) Importer(815301076,1909f56bfc062723c751e8b465ee728b)  -> (artifact id: 'cbd2164f979a5a0d1d3153721fc5bc87') in 0.072399 seconds 
========================================================================
Received Import Request.
  Time since last request: 0.000122 seconds.
  path: Assets/Samples/Terrain Tools/0.1.0-preview/Terrain Assets/TerrainTextures/sand_mask.tif
  artifactKey: Guid(58a4a6310bd23844bae88d82f7916059) Importer(815301076,1909f56bfc062723c751e8b465ee728b)
Start importing Assets/Samples/Terrain Tools/0.1.0-preview/Terrain Assets/TerrainTextures/sand_mask.tif using Guid(58a4a6310bd23844bae88d82f7916059) Importer(815301076,1909f56bfc062723c751e8b465ee728b)  -> (artifact id: '9c3927da245dd6de433e513c7616b34c') in 0.046093 seconds 
========================================================================
Received Import Request.
  Time since last request: 0.000361 seconds.
  path: Assets/Samples/Terrain Tools/0.1.0-preview/Terrain Assets/BrushTextures/flat_mountain01.tif
  artifactKey: Guid(d2a704d1b2d8ad948aab36a028a684b5) Importer(815301076,1909f56bfc062723c751e8b465ee728b)
Start importing Assets/Samples/Terrain Tools/0.1.0-preview/Terrain Assets/BrushTextures/flat_mountain01.tif using Guid(d2a704d1b2d8ad948aab36a028a684b5) Importer(815301076,1909f56bfc062723c751e8b465ee728b)  -> (artifact id: '05a10b5f7a37b16c43c2dc3d34c56d65') in 0.051852 seconds 
========================================================================
Received Import Request.
  Time since last request: 0.000275 seconds.
  path: Assets/Samples/Terrain Tools/0.1.0-preview/Terrain Assets/BrushTextures/ridge_edge01.tif
  artifactKey: Guid(b38901ae2e7149540aaa7fe2697aba3e) Importer(815301076,1909f56bfc062723c751e8b465ee728b)
Start importing Assets/Samples/Terrain Tools/0.1.0-preview/Terrain Assets/BrushTextures/ridge_edge01.tif using Guid(b38901ae2e7149540aaa7fe2697aba3e) Importer(815301076,1909f56bfc062723c751e8b465ee728b)  -> (artifact id: '4f87e2f6df5828f91677380622c5bd7d') in 0.030871 seconds 
========================================================================
Received Import Request.
  Time since last request: 0.000371 seconds.
  path: Assets/Samples/Terrain Tools/0.1.0-preview/Terrain Assets/TerrainTextures/rock_mask.tif
  artifactKey: Guid(44f7e6aa71506b041ac0a60db8868a44) Importer(815301076,1909f56bfc062723c751e8b465ee728b)
Start importing Assets/Samples/Terrain Tools/0.1.0-preview/Terrain Assets/TerrainTextures/rock_mask.tif using Guid(44f7e6aa71506b041ac0a60db8868a44) Importer(815301076,1909f56bfc062723c751e8b465ee728b)  -> (artifact id: '25f5ead69370dfdaa0b3c5653124cc44') in 0.037345 seconds 
========================================================================
Received Import Request.
  Time since last request: 0.000383 seconds.
  path: Assets/Samples/Terrain Tools/0.1.0-preview/Terrain Assets/TerrainTextures/rock_albedo.tif
  artifactKey: Guid(f7dd726c93b8f17418ea3be3f6768909) Importer(815301076,1909f56bfc062723c751e8b465ee728b)
Start importing Assets/Samples/Terrain Tools/0.1.0-preview/Terrain Assets/TerrainTextures/rock_albedo.tif using Guid(f7dd726c93b8f17418ea3be3f6768909) Importer(815301076,1909f56bfc062723c751e8b465ee728b)  -> (artifact id: '7ac7d5a81372d364eb0a61941211f8e5') in 0.083163 seconds 
========================================================================
Received Import Request.
  Time since last request: 0.000322 seconds.
  path: Assets/Samples/Terrain Tools/0.1.0-preview/Terrain Assets/BrushTextures/island01.tif
  artifactKey: Guid(043a3cc82df9fb94aba4f90d2009efc7) Importer(815301076,1909f56bfc062723c751e8b465ee728b)
Start importing Assets/Samples/Terrain Tools/0.1.0-preview/Terrain Assets/BrushTextures/island01.tif using Guid(043a3cc82df9fb94aba4f90d2009efc7) Importer(815301076,1909f56bfc062723c751e8b465ee728b)  -> (artifact id: 'ebab9d01068bbaf54287d498ed4b9030') in 0.066783 seconds 
========================================================================
Received Import Request.
  Time since last request: 0.000291 seconds.
  path: Assets/Samples/Terrain Tools/0.1.0-preview/Terrain Assets/BrushTextures/mountain02.tif
  artifactKey: Guid(5b7433cfa322cdb4ba853ecd73127975) Importer(815301076,1909f56bfc062723c751e8b465ee728b)
Start importing Assets/Samples/Terrain Tools/0.1.0-preview/Terrain Assets/BrushTextures/mountain02.tif using Guid(5b7433cfa322cdb4ba853ecd73127975) Importer(815301076,1909f56bfc062723c751e8b465ee728b)  -> (artifact id: '2d05ead394c8c42e5889c39f32070a11') in 0.043596 seconds 
========================================================================
Received Import Request.
  Time since last request: 0.000305 seconds.
  path: Assets/Samples/Terrain Tools/0.1.0-preview/Terrain Assets/TerrainTextures/dirt_normal.tif
  artifactKey: Guid(1ff4687a05ada474ca7eaf3010a871f6) Importer(815301076,1909f56bfc062723c751e8b465ee728b)
Start importing Assets/Samples/Terrain Tools/0.1.0-preview/Terrain Assets/TerrainTextures/dirt_normal.tif using Guid(1ff4687a05ada474ca7eaf3010a871f6) Importer(815301076,1909f56bfc062723c751e8b465ee728b)  -> (artifact id: '60157de039cdc2ab8460df45b2b59e59') in 0.045818 seconds 
========================================================================
Received Import Request.
  Time since last request: 0.000328 seconds.
  path: Assets/Samples/Terrain Tools/0.1.0-preview/Terrain Assets/BrushTextures/ridge03.tif
  artifactKey: Guid(b1dadb884e92879469e470aba88f0096) Importer(815301076,1909f56bfc062723c751e8b465ee728b)
Start importing Assets/Samples/Terrain Tools/0.1.0-preview/Terrain Assets/BrushTextures/ridge03.tif using Guid(b1dadb884e92879469e470aba88f0096) Importer(815301076,1909f56bfc062723c751e8b465ee728b)  -> (artifact id: '37486a1cc5c07e9afa2ef89386e00e60') in 0.050260 seconds 
========================================================================
Received Import Request.
  Time since last request: 0.000315 seconds.
  path: Assets/Samples/Terrain Tools/0.1.0-preview/Terrain Assets/TerrainTextures/dirt_albedo.tif
  artifactKey: Guid(7f3df385222f5b1428f6a156037deb5e) Importer(815301076,1909f56bfc062723c751e8b465ee728b)
Start importing Assets/Samples/Terrain Tools/0.1.0-preview/Terrain Assets/TerrainTextures/dirt_albedo.tif using Guid(7f3df385222f5b1428f6a156037deb5e) Importer(815301076,1909f56bfc062723c751e8b465ee728b)  -> (artifact id: 'aaf52615797939bbc9673af9ed75df73') in 0.035695 seconds 
========================================================================
Received Import Request.
  Time since last request: 0.000281 seconds.
  path: Assets/Samples/Terrain Tools/0.1.0-preview/Terrain Assets/TerrainTextures/moss_normal.tif
  artifactKey: Guid(67a70a78d678fb649b5c703cd7dc85c1) Importer(815301076,1909f56bfc062723c751e8b465ee728b)
Start importing Assets/Samples/Terrain Tools/0.1.0-preview/Terrain Assets/TerrainTextures/moss_normal.tif using Guid(67a70a78d678fb649b5c703cd7dc85c1) Importer(815301076,1909f56bfc062723c751e8b465ee728b)  -> (artifact id: 'a6256ce5f768699838c575292b3af463') in 0.045557 seconds 
========================================================================
Received Import Request.
  Time since last request: 0.000296 seconds.
  path: Assets/Samples/Terrain Tools/0.1.0-preview/Terrain Assets/TerrainTextures/moss_albedo.tif
  artifactKey: Guid(43b54d39e0a4c4d47bef645abec127f1) Importer(815301076,1909f56bfc062723c751e8b465ee728b)
Start importing Assets/Samples/Terrain Tools/0.1.0-preview/Terrain Assets/TerrainTextures/moss_albedo.tif using Guid(43b54d39e0a4c4d47bef645abec127f1) Importer(815301076,1909f56bfc062723c751e8b465ee728b)  -> (artifact id: '19ac9f3d0f056fe387986a04b4767f66') in 0.040086 seconds 
========================================================================
Received Import Request.
  Time since last request: 0.000501 seconds.
  path: Assets/Samples/Terrain Tools/0.1.0-preview/Terrain Assets/BrushTextures/mountain05.tif
  artifactKey: Guid(59cf4095c6c8e0f488ebe12abd1e569a) Importer(815301076,1909f56bfc062723c751e8b465ee728b)
Start importing Assets/Samples/Terrain Tools/0.1.0-preview/Terrain Assets/BrushTextures/mountain05.tif using Guid(59cf4095c6c8e0f488ebe12abd1e569a) Importer(815301076,1909f56bfc062723c751e8b465ee728b)  -> (artifact id: '875b47bb27e1ea5dbeecb83e537feda1') in 0.045856 seconds 
========================================================================
Received Import Request.
  Time since last request: 0.000273 seconds.
  path: Assets/Samples/Terrain Tools/0.1.0-preview/Terrain Assets/TerrainTextures/rock_normal.tif
  artifactKey: Guid(f45c3bd09301cc64783afc31dfca026b) Importer(815301076,1909f56bfc062723c751e8b465ee728b)
Start importing Assets/Samples/Terrain Tools/0.1.0-preview/Terrain Assets/TerrainTextures/rock_normal.tif using Guid(f45c3bd09301cc64783afc31dfca026b) Importer(815301076,1909f56bfc062723c751e8b465ee728b)  -> (artifact id: '6f6dcabc64a9a64fc4d97034bcd5306e') in 0.042442 seconds 
========================================================================
Received Import Request.
  Time since last request: 0.000359 seconds.
  path: Assets/Samples/Terrain Tools/0.1.0-preview/Terrain Assets/TerrainTextures/sand_normal.tif
  artifactKey: Guid(dd1ad706663683546b665fd5b0286bbd) Importer(815301076,1909f56bfc062723c751e8b465ee728b)
Start importing Assets/Samples/Terrain Tools/0.1.0-preview/Terrain Assets/TerrainTextures/sand_normal.tif using Guid(dd1ad706663683546b665fd5b0286bbd) Importer(815301076,1909f56bfc062723c751e8b465ee728b)  -> (artifact id: '63707614dd49e5983a2e9e7c7ca675f8') in 0.042313 seconds 
========================================================================
Received Import Request.
  Time since last request: 0.000375 seconds.
  path: Assets/Samples/Terrain Tools/0.1.0-preview/Terrain Assets/BrushTextures/mountain06.tif
  artifactKey: Guid(b44a453c2397af74cb81885989043518) Importer(815301076,1909f56bfc062723c751e8b465ee728b)
Start importing Assets/Samples/Terrain Tools/0.1.0-preview/Terrain Assets/BrushTextures/mountain06.tif using Guid(b44a453c2397af74cb81885989043518) Importer(815301076,1909f56bfc062723c751e8b465ee728b)  -> (artifact id: 'c44dfb59fc47d7db3a810749f1d47f2c') in 0.049420 seconds 
========================================================================
Received Import Request.
  Time since last request: 0.000299 seconds.
  path: Assets/Samples/Terrain Tools/0.1.0-preview/Terrain Assets/BrushTextures/cracked_earth02.tif
  artifactKey: Guid(ce389a44803b703498159190bc7d48af) Importer(815301076,1909f56bfc062723c751e8b465ee728b)
Start importing Assets/Samples/Terrain Tools/0.1.0-preview/Terrain Assets/BrushTextures/cracked_earth02.tif using Guid(ce389a44803b703498159190bc7d48af) Importer(815301076,1909f56bfc062723c751e8b465ee728b)  -> (artifact id: '9eb5fb8c6287bdbdd6d3faf9e28a2477') in 0.031683 seconds 
========================================================================
Received Import Request.
  Time since last request: 0.000442 seconds.
  path: Assets/Samples/Terrain Tools/0.1.0-preview/Terrain Assets/BrushTextures/canyon05.tif
  artifactKey: Guid(3771b24b1afb4bd4d86e3ba795b65a32) Importer(815301076,1909f56bfc062723c751e8b465ee728b)
Start importing Assets/Samples/Terrain Tools/0.1.0-preview/Terrain Assets/BrushTextures/canyon05.tif using Guid(3771b24b1afb4bd4d86e3ba795b65a32) Importer(815301076,1909f56bfc062723c751e8b465ee728b)  -> (artifact id: '3b38ec146b62b62958a55b23a1af0caf') in 0.048972 seconds 
========================================================================
Received Import Request.
  Time since last request: 0.000318 seconds.
  path: Assets/Samples/Terrain Tools/0.1.0-preview/Terrain Assets/BrushTextures/mountain03.tif
  artifactKey: Guid(eb8981774e4509b4ba09dcceaf8814d1) Importer(815301076,1909f56bfc062723c751e8b465ee728b)
Start importing Assets/Samples/Terrain Tools/0.1.0-preview/Terrain Assets/BrushTextures/mountain03.tif using Guid(eb8981774e4509b4ba09dcceaf8814d1) Importer(815301076,1909f56bfc062723c751e8b465ee728b)  -> (artifact id: 'cd9a509e51299e1bb750299103c82141') in 0.030238 seconds 
========================================================================
Received Import Request.
  Time since last request: 0.000340 seconds.
  path: Assets/Samples/Terrain Tools/0.1.0-preview/Terrain Assets/BrushTextures/canyon03.tif
  artifactKey: Guid(00e07f21ff32c094ea64f6753fb3b542) Importer(815301076,1909f56bfc062723c751e8b465ee728b)
Start importing Assets/Samples/Terrain Tools/0.1.0-preview/Terrain Assets/BrushTextures/canyon03.tif using Guid(00e07f21ff32c094ea64f6753fb3b542) Importer(815301076,1909f56bfc062723c751e8b465ee728b)  -> (artifact id: '73776fc0c6e64996cdbd2f977fc68dcf') in 0.038403 seconds 
========================================================================
Received Import Request.
  Time since last request: 0.000376 seconds.
  path: Assets/Samples/Terrain Tools/0.1.0-preview/Terrain Assets/BrushTextures/ridge06.tif
  artifactKey: Guid(deb3fcdbaaa2cf64f90d5a341ffd9939) Importer(815301076,1909f56bfc062723c751e8b465ee728b)
Start importing Assets/Samples/Terrain Tools/0.1.0-preview/Terrain Assets/BrushTextures/ridge06.tif using Guid(deb3fcdbaaa2cf64f90d5a341ffd9939) Importer(815301076,1909f56bfc062723c751e8b465ee728b)  -> (artifact id: 'e66eba39306b7d4839714243714358fc') in 0.048868 seconds 
========================================================================
Received Import Request.
  Time since last request: 0.000266 seconds.
  path: Assets/Samples/Terrain Tools/0.1.0-preview/Terrain Assets/BrushTextures/mountain07.tif
  artifactKey: Guid(ce420f179549a9c4f9a08a26260e8d18) Importer(815301076,1909f56bfc062723c751e8b465ee728b)
Start importing Assets/Samples/Terrain Tools/0.1.0-preview/Terrain Assets/BrushTextures/mountain07.tif using Guid(ce420f179549a9c4f9a08a26260e8d18) Importer(815301076,1909f56bfc062723c751e8b465ee728b)  -> (artifact id: 'b3254643170622400ea3213a8ba0d356') in 0.044685 seconds 
========================================================================
Received Import Request.
  Time since last request: 0.000327 seconds.
  path: Assets/Samples/Terrain Tools/0.1.0-preview/Terrain Assets/BrushTextures/ridge02.tif
  artifactKey: Guid(753f8aefff7f53945bb09d75656ba8de) Importer(815301076,1909f56bfc062723c751e8b465ee728b)
Start importing Assets/Samples/Terrain Tools/0.1.0-preview/Terrain Assets/BrushTextures/ridge02.tif using Guid(753f8aefff7f53945bb09d75656ba8de) Importer(815301076,1909f56bfc062723c751e8b465ee728b)  -> (artifact id: '3073e5a293201961069096e5b3045ab5') in 0.062684 seconds 
========================================================================
Received Import Request.
  Time since last request: 0.000266 seconds.
  path: Assets/Samples/Terrain Tools/0.1.0-preview/Terrain Assets/BrushTextures/plateau01.tif
  artifactKey: Guid(626e11c44313fda43a6979c9a04cd12e) Importer(815301076,1909f56bfc062723c751e8b465ee728b)
Start importing Assets/Samples/Terrain Tools/0.1.0-preview/Terrain Assets/BrushTextures/plateau01.tif using Guid(626e11c44313fda43a6979c9a04cd12e) Importer(815301076,1909f56bfc062723c751e8b465ee728b)  -> (artifact id: '8befc3d1fba41a4bd9f120bd711766e3') in 0.042281 seconds 
========================================================================
Received Import Request.
  Time since last request: 0.000315 seconds.
  path: Assets/Samples/Terrain Tools/0.1.0-preview/Terrain Assets/BrushTextures/mountain04.tif
  artifactKey: Guid(a1f4f845b9208d64a95cc6177a9b2abc) Importer(815301076,1909f56bfc062723c751e8b465ee728b)
Start importing Assets/Samples/Terrain Tools/0.1.0-preview/Terrain Assets/BrushTextures/mountain04.tif using Guid(a1f4f845b9208d64a95cc6177a9b2abc) Importer(815301076,1909f56bfc062723c751e8b465ee728b)  -> (artifact id: '5cb16585cbc3f6451b9739c3baddec73') in 0.042676 seconds 
========================================================================
Received Import Request.
  Time since last request: 0.000341 seconds.
  path: Assets/Samples/Terrain Tools/0.1.0-preview/Terrain Assets/BrushTextures/ridge04.tif
  artifactKey: Guid(440810c88740a8045949d48b489e443b) Importer(815301076,1909f56bfc062723c751e8b465ee728b)
Start importing Assets/Samples/Terrain Tools/0.1.0-preview/Terrain Assets/BrushTextures/ridge04.tif using Guid(440810c88740a8045949d48b489e443b) Importer(815301076,1909f56bfc062723c751e8b465ee728b)  -> (artifact id: 'c5b7e7c13d5af8750f79ac70b6957b8b') in 0.037489 seconds 
========================================================================
Received Import Request.
  Time since last request: 0.000353 seconds.
  path: Assets/Samples/Terrain Tools/0.1.0-preview/Terrain Assets/BrushTextures/cracked_earth01.tif
  artifactKey: Guid(fc6089e3bffbdc9489980dbed57a64f6) Importer(815301076,1909f56bfc062723c751e8b465ee728b)
Start importing Assets/Samples/Terrain Tools/0.1.0-preview/Terrain Assets/BrushTextures/cracked_earth01.tif using Guid(fc6089e3bffbdc9489980dbed57a64f6) Importer(815301076,1909f56bfc062723c751e8b465ee728b)  -> (artifact id: '2af4ea581003bd1541b1cb66729ba928') in 0.034911 seconds 
========================================================================
Received Import Request.
  Time since last request: 0.000431 seconds.
  path: Assets/Samples/Terrain Tools/0.1.0-preview/Terrain Assets/TerrainTextures/moss_mask.tif
  artifactKey: Guid(ff77b812a1621e74694371cb173618ef) Importer(815301076,1909f56bfc062723c751e8b465ee728b)
Start importing Assets/Samples/Terrain Tools/0.1.0-preview/Terrain Assets/TerrainTextures/moss_mask.tif using Guid(ff77b812a1621e74694371cb173618ef) Importer(815301076,1909f56bfc062723c751e8b465ee728b)  -> (artifact id: '0afa759cbcf8325af2c238b097117e52') in 0.040295 seconds 
========================================================================
Received Import Request.
  Time since last request: 0.000324 seconds.
  path: Assets/Samples/Terrain Tools/0.1.0-preview/Terrain Assets/BrushTextures/clouds.tif
  artifactKey: Guid(791ebe8a3d329b34ca7dc4616ec3cd34) Importer(815301076,1909f56bfc062723c751e8b465ee728b)
Start importing Assets/Samples/Terrain Tools/0.1.0-preview/Terrain Assets/BrushTextures/clouds.tif using Guid(791ebe8a3d329b34ca7dc4616ec3cd34) Importer(815301076,1909f56bfc062723c751e8b465ee728b)  -> (artifact id: '215f2f7ef64e6c0d0519a67084e569e4') in 0.051492 seconds 
========================================================================
Received Import Request.
  Time since last request: 0.000322 seconds.
  path: Assets/Samples/Terrain Tools/0.1.0-preview/Terrain Assets/TerrainTextures/dirt_mask.tif
  artifactKey: Guid(3c6d7b80bcc59ae448166eacd4ad79b0) Importer(815301076,1909f56bfc062723c751e8b465ee728b)
Start importing Assets/Samples/Terrain Tools/0.1.0-preview/Terrain Assets/TerrainTextures/dirt_mask.tif using Guid(3c6d7b80bcc59ae448166eacd4ad79b0) Importer(815301076,1909f56bfc062723c751e8b465ee728b)  -> (artifact id: '01cb335e29c407f59d0ca41fe24ca384') in 0.045462 seconds 
========================================================================
Received Import Request.
  Time since last request: 0.000309 seconds.
  path: Assets/Samples/Terrain Tools/0.1.0-preview/Terrain Assets/BrushTextures/errosion02.tif
  artifactKey: Guid(8d909223d66b7cd4d9719d37ee403dff) Importer(815301076,1909f56bfc062723c751e8b465ee728b)
Start importing Assets/Samples/Terrain Tools/0.1.0-preview/Terrain Assets/BrushTextures/errosion02.tif using Guid(8d909223d66b7cd4d9719d37ee403dff) Importer(815301076,1909f56bfc062723c751e8b465ee728b)  -> (artifact id: '967fc6840ca6db71fd534915ef0c5042') in 0.054712 seconds 
========================================================================
Received Import Request.
  Time since last request: 0.000277 seconds.
  path: Assets/Samples/Terrain Tools/0.1.0-preview/Terrain Assets/BrushTextures/errosion01.tif
  artifactKey: Guid(228af47692a8c7c49b93049646ac6c46) Importer(815301076,1909f56bfc062723c751e8b465ee728b)
Start importing Assets/Samples/Terrain Tools/0.1.0-preview/Terrain Assets/BrushTextures/errosion01.tif using Guid(228af47692a8c7c49b93049646ac6c46) Importer(815301076,1909f56bfc062723c751e8b465ee728b)  -> (artifact id: '945b28a289e4b718ad53ad5a2d81a304') in 0.040230 seconds 
========================================================================
Received Import Request.
  Time since last request: 0.000372 seconds.
  path: Assets/Samples/Terrain Tools/0.1.0-preview/Terrain Assets/BrushTextures/plateau03.tif
  artifactKey: Guid(116d48bc82e4c0a4683cbd79927b4596) Importer(815301076,1909f56bfc062723c751e8b465ee728b)
Start importing Assets/Samples/Terrain Tools/0.1.0-preview/Terrain Assets/BrushTextures/plateau03.tif using Guid(116d48bc82e4c0a4683cbd79927b4596) Importer(815301076,1909f56bfc062723c751e8b465ee728b)  -> (artifact id: '9b374368c74303bf55b57455518e2550') in 0.041781 seconds 
========================================================================
Received Import Request.
  Time since last request: 0.000341 seconds.
  path: Assets/Samples/Terrain Tools/0.1.0-preview/Terrain Assets/BrushTextures/canyon04.tif
  artifactKey: Guid(fd3a283142a57bd4aa8029f5e0705fc5) Importer(815301076,1909f56bfc062723c751e8b465ee728b)
Start importing Assets/Samples/Terrain Tools/0.1.0-preview/Terrain Assets/BrushTextures/canyon04.tif using Guid(fd3a283142a57bd4aa8029f5e0705fc5) Importer(815301076,1909f56bfc062723c751e8b465ee728b)  -> (artifact id: '1ade072f9c734985b44c73df6d4c5807') in 0.037110 seconds 
========================================================================
Received Import Request.
  Time since last request: 0.000337 seconds.
  path: Assets/Samples/Terrain Tools/0.1.0-preview/Terrain Assets/BrushTextures/mountain01.tif
  artifactKey: Guid(6cfb129191988d84eafe31848415a233) Importer(815301076,1909f56bfc062723c751e8b465ee728b)
Start importing Assets/Samples/Terrain Tools/0.1.0-preview/Terrain Assets/BrushTextures/mountain01.tif using Guid(6cfb129191988d84eafe31848415a233) Importer(815301076,1909f56bfc062723c751e8b465ee728b)  -> (artifact id: '77de8d1fdc95331ca7844951fa00547b') in 0.055255 seconds 
========================================================================
Received Import Request.
  Time since last request: 0.000597 seconds.
  path: Assets/Samples/Terrain Tools/0.1.0-preview/Terrain Assets/BrushTextures/ridge01.tif
  artifactKey: Guid(2093015066086b94e9636a0e1f1344ea) Importer(815301076,1909f56bfc062723c751e8b465ee728b)
Start importing Assets/Samples/Terrain Tools/0.1.0-preview/Terrain Assets/BrushTextures/ridge01.tif using Guid(2093015066086b94e9636a0e1f1344ea) Importer(815301076,1909f56bfc062723c751e8b465ee728b)  -> (artifact id: '244af9c275527e37cc906d8e0bbbfa8c') in 0.041968 seconds 
========================================================================
Received Import Request.
  Time since last request: 16.557101 seconds.
  path: Assets/Samples/Terrain Tools/0.1.0-preview/Terrain Assets/TerrainTextures/screen_normal.tif
  artifactKey: Guid(703d1f74c69fc95498dcfd0afe8e1d61) Importer(815301076,1909f56bfc062723c751e8b465ee728b)
Start importing Assets/Samples/Terrain Tools/0.1.0-preview/Terrain Assets/TerrainTextures/screen_normal.tif using Guid(703d1f74c69fc95498dcfd0afe8e1d61) Importer(815301076,1909f56bfc062723c751e8b465ee728b)  -> (artifact id: 'ea0d2548c6fdbdc30b4a29e0c491dc52') in 0.044032 seconds 
========================================================================
Received Import Request.
  Time since last request: 0.000773 seconds.
  path: Assets/Samples/Terrain Tools/0.1.0-preview/Terrain Assets/TerrainTextures/snow_mask.tif
  artifactKey: Guid(1a4d9960438e8f242a5155b27813efe9) Importer(815301076,1909f56bfc062723c751e8b465ee728b)
Start importing Assets/Samples/Terrain Tools/0.1.0-preview/Terrain Assets/TerrainTextures/snow_mask.tif using Guid(1a4d9960438e8f242a5155b27813efe9) Importer(815301076,1909f56bfc062723c751e8b465ee728b)  -> (artifact id: 'd7cfb486adb945a05e79d20819e5a334') in 0.028583 seconds 
========================================================================
Received Import Request.
  Time since last request: 0.000349 seconds.
  path: Assets/Samples/Terrain Tools/0.1.0-preview/Terrain Assets/TerrainTextures/snow_albedo.tif
  artifactKey: Guid(0cc0777f7d4a3444380eb084d74396b5) Importer(815301076,1909f56bfc062723c751e8b465ee728b)
Start importing Assets/Samples/Terrain Tools/0.1.0-preview/Terrain Assets/TerrainTextures/snow_albedo.tif using Guid(0cc0777f7d4a3444380eb084d74396b5) Importer(815301076,1909f56bfc062723c751e8b465ee728b)  -> (artifact id: 'a4b2c8fc8b1bd34086ab7918dd8eb746') in 0.024892 seconds 
========================================================================
Received Import Request.
  Time since last request: 0.000336 seconds.
  path: Assets/Samples/Terrain Tools/0.1.0-preview/Terrain Assets/TerrainTextures/snow_normal.tif
  artifactKey: Guid(52f2b70b42682a145b20ea5f04fd6af1) Importer(815301076,1909f56bfc062723c751e8b465ee728b)
Start importing Assets/Samples/Terrain Tools/0.1.0-preview/Terrain Assets/TerrainTextures/snow_normal.tif using Guid(52f2b70b42682a145b20ea5f04fd6af1) Importer(815301076,1909f56bfc062723c751e8b465ee728b)  -> (artifact id: 'd349fa00518d43b61ba5eb82918b9077') in 0.027321 seconds 
========================================================================
Received Import Request.
  Time since last request: 36.723473 seconds.
  path: Assets/Samples/Terrain Tools/0.1.0-preview/Terrain Assets/TerrainTextures/dirt_albedo.tif
  artifactKey: Guid(7f3df385222f5b1428f6a156037deb5e) Importer(815301076,1909f56bfc062723c751e8b465ee728b)
Start importing Assets/Samples/Terrain Tools/0.1.0-preview/Terrain Assets/TerrainTextures/dirt_albedo.tif using Guid(7f3df385222f5b1428f6a156037deb5e) Importer(815301076,1909f56bfc062723c751e8b465ee728b)  -> (artifact id: '81e28ceb3c7f2eb2b0b4b48015a58243') in 0.023369 seconds 
========================================================================
Received Import Request.
  Time since last request: 37.882869 seconds.
  path: Assets/Samples/Terrain Tools/0.1.0-preview/Terrain Assets/TerrainLayers/dirt.terrainlayer
  artifactKey: Guid(c25f012d8eaba684b9a392d71f427372) Importer(815301076,1909f56bfc062723c751e8b465ee728b)
Start importing Assets/Samples/Terrain Tools/0.1.0-preview/Terrain Assets/TerrainLayers/dirt.terrainlayer using Guid(c25f012d8eaba684b9a392d71f427372) Importer(815301076,1909f56bfc062723c751e8b465ee728b)  -> (artifact id: '466271538b205e4ef84bcf6faeae064c') in 0.032724 seconds 
========================================================================
Received Import Request.
  Time since last request: 0.000374 seconds.
  path: Assets/Samples/Terrain Tools/0.1.0-preview/Terrain Assets/TerrainLayers/snow.terrainlayer
  artifactKey: Guid(34a7124a250b6314f803cba5555e7faa) Importer(815301076,1909f56bfc062723c751e8b465ee728b)
Start importing Assets/Samples/Terrain Tools/0.1.0-preview/Terrain Assets/TerrainLayers/snow.terrainlayer using Guid(34a7124a250b6314f803cba5555e7faa) Importer(815301076,1909f56bfc062723c751e8b465ee728b)  -> (artifact id: '06cb9e8130df21d7165451daeafad5e6') in 0.032871 seconds 
========================================================================
Received Import Request.
  Time since last request: 0.000774 seconds.
  path: Assets/Samples/Terrain Tools/0.1.0-preview/Terrain Assets/TerrainLayers/moss.terrainlayer
  artifactKey: Guid(56b2820651de357459e8d89d2b4f3f05) Importer(815301076,1909f56bfc062723c751e8b465ee728b)
Start importing Assets/Samples/Terrain Tools/0.1.0-preview/Terrain Assets/TerrainLayers/moss.terrainlayer using Guid(56b2820651de357459e8d89d2b4f3f05) Importer(815301076,1909f56bfc062723c751e8b465ee728b)  -> (artifact id: 'fd52f63c08d34910ec8ab6035ba689e3') in 0.042241 seconds 
========================================================================
Received Import Request.
  Time since last request: 0.000370 seconds.
  path: Assets/Samples/Terrain Tools/0.1.0-preview/Terrain Assets/TerrainLayers/scree.terrainlayer
  artifactKey: Guid(6a3097ee6a39c594e8c63dae726b2278) Importer(815301076,1909f56bfc062723c751e8b465ee728b)
Start importing Assets/Samples/Terrain Tools/0.1.0-preview/Terrain Assets/TerrainLayers/scree.terrainlayer using Guid(6a3097ee6a39c594e8c63dae726b2278) Importer(815301076,1909f56bfc062723c751e8b465ee728b)  -> (artifact id: '602c901dd3ae23f9e448d6a8ca5cc317') in 0.032169 seconds 
========================================================================
Received Import Request.
  Time since last request: 0.000330 seconds.
  path: Assets/Samples/Terrain Tools/0.1.0-preview/Terrain Assets/TerrainLayers/sand.terrainlayer
  artifactKey: Guid(aa7afa2eb72909e4d8083508573d955f) Importer(815301076,1909f56bfc062723c751e8b465ee728b)
Start importing Assets/Samples/Terrain Tools/0.1.0-preview/Terrain Assets/TerrainLayers/sand.terrainlayer using Guid(aa7afa2eb72909e4d8083508573d955f) Importer(815301076,1909f56bfc062723c751e8b465ee728b)  -> (artifact id: '767bc8a60cf0a8bc666718793873dfe8') in 0.038212 seconds 
========================================================================
Received Import Request.
  Time since last request: 0.000262 seconds.
  path: Assets/Samples/Terrain Tools/0.1.0-preview/Terrain Assets/TerrainLayers/rock.terrainlayer
  artifactKey: Guid(716937fe861ba6748bfd599e6802e70a) Importer(815301076,1909f56bfc062723c751e8b465ee728b)
Start importing Assets/Samples/Terrain Tools/0.1.0-preview/Terrain Assets/TerrainLayers/rock.terrainlayer using Guid(716937fe861ba6748bfd599e6802e70a) Importer(815301076,1909f56bfc062723c751e8b465ee728b)  -> (artifact id: 'f46398fda0ee188c53e5e837f76f1835') in 0.032153 seconds 
========================================================================
Received Import Request.
  Time since last request: 9.141239 seconds.
  path: Assets/Samples/Terrain Tools/0.1.0-preview/Terrain Assets/BrushTextures/soft_peaks01.tif
  artifactKey: Guid(adfba81bdb8d30048bbea4ad595dbab7) Importer(815301076,1909f56bfc062723c751e8b465ee728b)
Start importing Assets/Samples/Terrain Tools/0.1.0-preview/Terrain Assets/BrushTextures/soft_peaks01.tif using Guid(adfba81bdb8d30048bbea4ad595dbab7) Importer(815301076,1909f56bfc062723c751e8b465ee728b)  -> (artifact id: '7443359a53defa70a1d86f2c69be67dd') in 0.032551 seconds 
========================================================================
Received Import Request.
  Time since last request: 0.000808 seconds.
  path: Assets/Samples/Terrain Tools/0.1.0-preview/Terrain Assets/BrushTextures/volcanic.tif
  artifactKey: Guid(363319f155d126f42babcdde1483c92d) Importer(815301076,1909f56bfc062723c751e8b465ee728b)
Start importing Assets/Samples/Terrain Tools/0.1.0-preview/Terrain Assets/BrushTextures/volcanic.tif using Guid(363319f155d126f42babcdde1483c92d) Importer(815301076,1909f56bfc062723c751e8b465ee728b)  -> (artifact id: 'b8a7fc2cca32ded4e21547f37fbc9075') in 0.035237 seconds 
========================================================================
Received Import Request.
  Time since last request: 0.000405 seconds.
  path: Assets/Samples/Terrain Tools/0.1.0-preview/Terrain Assets/BrushTextures/white_square.tif
  artifactKey: Guid(63c633526981fac49b5eb44c0212bf2f) Importer(815301076,1909f56bfc062723c751e8b465ee728b)
Start importing Assets/Samples/Terrain Tools/0.1.0-preview/Terrain Assets/BrushTextures/white_square.tif using Guid(63c633526981fac49b5eb44c0212bf2f) Importer(815301076,1909f56bfc062723c751e8b465ee728b)  -> (artifact id: '3f30a4302a3fab1e07f6942109faae4b') in 0.023042 seconds 
========================================================================
Received Import Request.
  Time since last request: 0.000405 seconds.
  path: Assets/Samples/Terrain Tools/0.1.0-preview/Terrain Assets/BrushTextures/volcano01.tif
  artifactKey: Guid(bd916b355f53ab144901eeb862a0be0b) Importer(815301076,1909f56bfc062723c751e8b465ee728b)
Start importing Assets/Samples/Terrain Tools/0.1.0-preview/Terrain Assets/BrushTextures/volcano01.tif using Guid(bd916b355f53ab144901eeb862a0be0b) Importer(815301076,1909f56bfc062723c751e8b465ee728b)  -> (artifact id: '6bc7afdcba94c0244e3c0b5e1f59bea6') in 0.032116 seconds 
========================================================================
Received Import Request.
  Time since last request: 6048.231551 seconds.
  path: Assets/Samples/Terrain Tools/0.1.0-preview/Terrain Assets/TerrainTextures/NewLayer 1.terrainlayer
  artifactKey: Guid(5b9db99be3d3a7e41bd5c2da0e9ca865) Importer(815301076,1909f56bfc062723c751e8b465ee728b)
Start importing Assets/Samples/Terrain Tools/0.1.0-preview/Terrain Assets/TerrainTextures/NewLayer 1.terrainlayer using Guid(5b9db99be3d3a7e41bd5c2da0e9ca865) Importer(815301076,1909f56bfc062723c751e8b465ee728b)  -> (artifact id: 'c3c1aec0addf08224947c29d55481227') in 0.213728 seconds 
========================================================================
Received Import Request.
  Time since last request: 0.000348 seconds.
  path: Assets/Samples/Terrain Tools/0.1.0-preview/Terrain Assets/TerrainTextures/NewLayer.terrainlayer
  artifactKey: Guid(7f413b9e9c1adf04687382a56a6645b8) Importer(815301076,1909f56bfc062723c751e8b465ee728b)
Start importing Assets/Samples/Terrain Tools/0.1.0-preview/Terrain Assets/TerrainTextures/NewLayer.terrainlayer using Guid(7f413b9e9c1adf04687382a56a6645b8) Importer(815301076,1909f56bfc062723c751e8b465ee728b)  -> (artifact id: '60af8408e738779a1d24d26ae128d160') in 0.365916 seconds 
========================================================================
Received Import Request.
  Time since last request: 11.558937 seconds.
  path: Assets/Tree9/bark14.mat
  artifactKey: Guid(760ea8238d6219c42b2739f693d4c834) Importer(815301076,1909f56bfc062723c751e8b465ee728b)
Start importing Assets/Tree9/bark14.mat using Guid(760ea8238d6219c42b2739f693d4c834) Importer(815301076,1909f56bfc062723c751e8b465ee728b)  -> (artifact id: '08957843ac19c0a1cc485575f13c99ed') in 0.920855 seconds 
========================================================================
Received Import Request.
  Time since last request: 0.000369 seconds.
  path: Assets/Tree9/Tree9_Leaf.fbx
  artifactKey: Guid(1de95aafaed1b594b88a317c6a6ac028) Importer(815301076,1909f56bfc062723c751e8b465ee728b)
Start importing Assets/Tree9/Tree9_Leaf.fbx using Guid(1de95aafaed1b594b88a317c6a6ac028) Importer(815301076,1909f56bfc062723c751e8b465ee728b)  -> (artifact id: '88a83274e2471c23aa1dd0dbcff81aec') in 1.166661 seconds 
========================================================================
Received Import Request.
  Time since last request: 0.000259 seconds.
  path: Assets/Tree9/Tree9_2.prefab
  artifactKey: Guid(be878d9ea17907f4a8068678a5ce7908) Importer(815301076,1909f56bfc062723c751e8b465ee728b)
Start importing Assets/Tree9/Tree9_2.prefab using Guid(be878d9ea17907f4a8068678a5ce7908) Importer(815301076,1909f56bfc062723c751e8b465ee728b)  -> (artifact id: '05d82c3a7f41eb494aa7b7f901785282') in 0.934736 seconds 
========================================================================
Received Import Request.
  Time since last request: 0.000286 seconds.
  path: Assets/Tree9/Tree9_3.prefab
  artifactKey: Guid(8b2d47fdc2e25ac4f9721480a68bbefa) Importer(815301076,1909f56bfc062723c751e8b465ee728b)
Start importing Assets/Tree9/Tree9_3.prefab using Guid(8b2d47fdc2e25ac4f9721480a68bbefa) Importer(815301076,1909f56bfc062723c751e8b465ee728b)  -> (artifact id: 'b8654461c3fff260b758b6b6f258189e') in 0.067927 seconds 
========================================================================
Received Import Request.
  Time since last request: 0.000284 seconds.
  path: Assets/Tree9/Tree9_5.prefab
  artifactKey: Guid(9b8fc966f95ea9c4194dc091fc40b478) Importer(815301076,1909f56bfc062723c751e8b465ee728b)
Start importing Assets/Tree9/Tree9_5.prefab using Guid(9b8fc966f95ea9c4194dc091fc40b478) Importer(815301076,1909f56bfc062723c751e8b465ee728b)  -> (artifact id: '2dd7cf15998e7dd48315ff93912056aa') in 0.075495 seconds 
========================================================================
Received Import Request.
  Time since last request: 0.000280 seconds.
  path: Assets/Tree9/Leafs19.tga
  artifactKey: Guid(58552de7d543f6e4095feb3806e56f4f) Importer(815301076,1909f56bfc062723c751e8b465ee728b)
Start importing Assets/Tree9/Leafs19.tga using Guid(58552de7d543f6e4095feb3806e56f4f) Importer(815301076,1909f56bfc062723c751e8b465ee728b)  -> (artifact id: '97eb3f85d64fd6878ae2f48587dff4a3') in 0.039030 seconds 
========================================================================
Received Import Request.
  Time since last request: 0.000366 seconds.
  path: Assets/Tree9/bark14_N.png
  artifactKey: Guid(81f1d63919f88a547a8d97fe857cc586) Importer(815301076,1909f56bfc062723c751e8b465ee728b)
Start importing Assets/Tree9/bark14_N.png using Guid(81f1d63919f88a547a8d97fe857cc586) Importer(815301076,1909f56bfc062723c751e8b465ee728b)  -> (artifact id: '2c3a1ead27bfb5d7b7ba8b7e612aadc5') in 0.041004 seconds 
========================================================================
Received Import Request.
  Time since last request: 0.000275 seconds.
  path: Assets/Tree9/bark14.png
  artifactKey: Guid(78e60ad3a8152ec46be748bb6d5a7cdf) Importer(815301076,1909f56bfc062723c751e8b465ee728b)
Start importing Assets/Tree9/bark14.png using Guid(78e60ad3a8152ec46be748bb6d5a7cdf) Importer(815301076,1909f56bfc062723c751e8b465ee728b)  -> (artifact id: '7997fc049d17344e151cd9e590c4858e') in 0.026883 seconds 
========================================================================
Received Import Request.
  Time since last request: 0.000335 seconds.
  path: Assets/Tree9/Leafs19_N.png
  artifactKey: Guid(fa41cc63b7bd56f4da64009c1c218880) Importer(815301076,1909f56bfc062723c751e8b465ee728b)
Start importing Assets/Tree9/Leafs19_N.png using Guid(fa41cc63b7bd56f4da64009c1c218880) Importer(815301076,1909f56bfc062723c751e8b465ee728b)  -> (artifact id: 'b31b73c8dfe5d37be81c78117f792338') in 0.031673 seconds 
========================================================================
Received Import Request.
  Time since last request: 0.000584 seconds.
  path: Assets/Tree9/Tree9_leafs.mat
  artifactKey: Guid(da780beb78a91484aa965294e12f428e) Importer(815301076,1909f56bfc062723c751e8b465ee728b)
Start importing Assets/Tree9/Tree9_leafs.mat using Guid(da780beb78a91484aa965294e12f428e) Importer(815301076,1909f56bfc062723c751e8b465ee728b)  -> (artifact id: 'a91ce0f5c5c3d81801d8c7aa767df934') in 0.035739 seconds 
========================================================================
Received Import Request.
  Time since last request: 0.000298 seconds.
  path: Assets/Tree9/Tree9_4.prefab
  artifactKey: Guid(956bd2acf7aae244dac8fc20cf57858d) Importer(815301076,1909f56bfc062723c751e8b465ee728b)
Start importing Assets/Tree9/Tree9_4.prefab using Guid(956bd2acf7aae244dac8fc20cf57858d) Importer(815301076,1909f56bfc062723c751e8b465ee728b)  -> (artifact id: '243e120f9cd99981812e7db9b1a9bd83') in 0.074212 seconds 
========================================================================
Received Import Request.
  Time since last request: 3592.195755 seconds.
  path: Assets/Tree9/Materials
  artifactKey: Guid(0b126e19a3d99c442b1dd5a8f8f4f143) Importer(815301076,1909f56bfc062723c751e8b465ee728b)
Start importing Assets/Tree9/Materials using Guid(0b126e19a3d99c442b1dd5a8f8f4f143) Importer(815301076,1909f56bfc062723c751e8b465ee728b)  -> (artifact id: '651d133d505ba6314b0879e17891c122') in 7.182829 seconds 
========================================================================
Received Import Request.
  Time since last request: 0.001164 seconds.
  path: Assets/Tree9/Materials/leaf.mat
  artifactKey: Guid(3b81562ccc7e92543a108e811251a16f) Importer(815301076,1909f56bfc062723c751e8b465ee728b)
Start importing Assets/Tree9/Materials/leaf.mat using Guid(3b81562ccc7e92543a108e811251a16f) Importer(815301076,1909f56bfc062723c751e8b465ee728b)  -> (artifact id: 'd8bce51d42539ea65462b997917a22d6') in 0.944558 seconds 
========================================================================
Received Import Request.
  Time since last request: 10.165019 seconds.
  path: Assets/Samples/Terrain Tools/0.1.0-preview/Terrain Assets/NewLayer.terrainlayer
  artifactKey: Guid(fbc05bfb1cb8c294ca18d81689676281) Importer(815301076,1909f56bfc062723c751e8b465ee728b)
Start importing Assets/Samples/Terrain Tools/0.1.0-preview/Terrain Assets/NewLayer.terrainlayer using Guid(fbc05bfb1cb8c294ca18d81689676281) Importer(815301076,1909f56bfc062723c751e8b465ee728b)  -> (artifact id: '0a79169f1d1ef8ffca558d90dc568ccd') in 0.271637 seconds 
========================================================================
Received Import Request.
  Time since last request: 5.601529 seconds.
  path: Assets/Samples/Terrain Tools/0.1.0-preview/Terrain Assets/BrushTextures
  artifactKey: Guid(acfbac3344b07ed4f84ebf0c8828a729) Importer(815301076,1909f56bfc062723c751e8b465ee728b)
Start importing Assets/Samples/Terrain Tools/0.1.0-preview/Terrain Assets/BrushTextures using Guid(acfbac3344b07ed4f84ebf0c8828a729) Importer(815301076,1909f56bfc062723c751e8b465ee728b)  -> (artifact id: '32e6ed0ecd4b65882455e8d7e81510b9') in 0.116811 seconds 
========================================================================
Received Import Request.
  Time since last request: 0.086982 seconds.
  path: Assets/Samples/Terrain Tools/0.1.0-preview/Terrain Assets/BrushTextures/HeightmapTexture.preset
  artifactKey: Guid(3673edd4bef6add4aaf606245092507c) Importer(815301076,1909f56bfc062723c751e8b465ee728b)
Start importing Assets/Samples/Terrain Tools/0.1.0-preview/Terrain Assets/BrushTextures/HeightmapTexture.preset using Guid(3673edd4bef6add4aaf606245092507c) Importer(815301076,1909f56bfc062723c751e8b465ee728b)  -> (artifact id: 'dbdc0ee1970047006f77e7ba09a922c8') in 0.454281 seconds 
========================================================================
Received Import Request.
  Time since last request: 12.921496 seconds.
  path: Assets/Samples/Terrain Tools/0.1.0-preview/Terrain Assets/TerrainLayers
  artifactKey: Guid(8e20acebdea53ef48834fdda56653c96) Importer(815301076,1909f56bfc062723c751e8b465ee728b)
Start importing Assets/Samples/Terrain Tools/0.1.0-preview/Terrain Assets/TerrainLayers using Guid(8e20acebdea53ef48834fdda56653c96) Importer(815301076,1909f56bfc062723c751e8b465ee728b)  -> (artifact id: '0f5040c7f08ae02b605b843930805b24') in 0.125771 seconds 
========================================================================
Received Import Request.
  Time since last request: 0.001193 seconds.
  path: Assets/Samples/Terrain Tools/0.1.0-preview/Terrain Assets/TerrainLayers/dirt.terrainlayer
  artifactKey: Guid(c25f012d8eaba684b9a392d71f427372) Importer(815301076,1909f56bfc062723c751e8b465ee728b)
Start importing Assets/Samples/Terrain Tools/0.1.0-preview/Terrain Assets/TerrainLayers/dirt.terrainlayer using Guid(c25f012d8eaba684b9a392d71f427372) Importer(815301076,1909f56bfc062723c751e8b465ee728b)  -> (artifact id: 'ec5fa388dc22d591c3071ba915649519') in 0.264271 seconds 
AssetImportWorkerClient::OnTransportError - code=2 error=End of file
